{"/home/airelribeiro/Desktop/portifolio/aplicacoes/testes-tecnicos/motrix-desafio/backend/src/app.ts":{"path":"/home/airelribeiro/Desktop/portifolio/aplicacoes/testes-tecnicos/motrix-desafio/backend/src/app.ts","statementMap":{"0":{"start":{"line":2,"column":22},"end":{"line":4,"column":1}},"1":{"start":{"line":3,"column":4},"end":{"line":3,"column":62}},"2":{"start":{"line":5,"column":0},"end":{"line":5,"column":62}},"3":{"start":{"line":6,"column":18},"end":{"line":6,"column":53}},"4":{"start":{"line":7,"column":24},"end":{"line":7,"column":74}},"5":{"start":{"line":8,"column":26},"end":{"line":8,"column":83}},"6":{"start":{"line":9,"column":0},"end":{"line":9,"column":32}},"7":{"start":{"line":10,"column":15},"end":{"line":10,"column":47}},"8":{"start":{"line":11,"column":12},"end":{"line":11,"column":36}},"9":{"start":{"line":12,"column":0},"end":{"line":12,"column":34}},"10":{"start":{"line":13,"column":0},"end":{"line":13,"column":31}},"11":{"start":{"line":14,"column":0},"end":{"line":14,"column":33}},"12":{"start":{"line":15,"column":0},"end":{"line":15,"column":35}},"13":{"start":{"line":16,"column":0},"end":{"line":16,"column":22}}},"fnMap":{"0":{"name":"(anonymous_0)","decl":{"start":{"line":2,"column":56},"end":{"line":2,"column":57}},"loc":{"start":{"line":2,"column":71},"end":{"line":4,"column":1}},"line":2}},"branchMap":{"0":{"loc":{"start":{"line":2,"column":22},"end":{"line":4,"column":1}},"type":"binary-expr","locations":[{"start":{"line":2,"column":23},"end":{"line":2,"column":27}},{"start":{"line":2,"column":31},"end":{"line":2,"column":51}},{"start":{"line":2,"column":56},"end":{"line":4,"column":1}}],"line":2},"1":{"loc":{"start":{"line":3,"column":11},"end":{"line":3,"column":61}},"type":"cond-expr","locations":[{"start":{"line":3,"column":37},"end":{"line":3,"column":40}},{"start":{"line":3,"column":43},"end":{"line":3,"column":61}}],"line":3},"2":{"loc":{"start":{"line":3,"column":12},"end":{"line":3,"column":33}},"type":"binary-expr","locations":[{"start":{"line":3,"column":12},"end":{"line":3,"column":15}},{"start":{"line":3,"column":19},"end":{"line":3,"column":33}}],"line":3}},"s":{"0":1,"1":4,"2":1,"3":1,"4":1,"5":1,"6":1,"7":1,"8":1,"9":1,"10":1,"11":1,"12":1,"13":1},"f":{"0":4},"b":{"0":[1,1,1],"1":[2,2],"2":[4,4]},"inputSourceMap":{"version":3,"file":"/home/airelribeiro/Desktop/portifolio/aplicacoes/testes-tecnicos/motrix-desafio/backend/src/app.ts","sources":["/home/airelribeiro/Desktop/portifolio/aplicacoes/testes-tecnicos/motrix-desafio/backend/src/app.ts"],"names":[],"mappings":";;;;;AAAA,sDAA8B;AAC9B,2EAAkD;AAClD,oFAA4D;AAC5D,OAAO,CAAC,sBAAsB,CAAC,CAAC;AAChC,gDAAwB;AAExB,MAAM,GAAG,GAAG,IAAA,iBAAO,GAAE,CAAC;AAEtB,GAAG,CAAC,GAAG,CAAC,iBAAO,CAAC,IAAI,EAAE,CAAC,CAAC;AAExB,GAAG,CAAC,GAAG,CAAC,IAAA,cAAI,GAAE,CAAC,CAAC;AAEhB,GAAG,CAAC,GAAG,CAAC,uBAAY,CAAC,CAAC;AAEtB,GAAG,CAAC,GAAG,CAAC,yBAAe,CAAC,CAAC;AAEzB,kBAAe,GAAG,CAAC","sourcesContent":["import express from 'express';\nimport contentRoute from './routes/Content.route';\nimport errorMiddleware from './middlewares/errorMiddleware';\nrequire('express-async-errors');\nimport cors from 'cors';\n\nconst app = express();\n\napp.use(express.json());\n\napp.use(cors());\n\napp.use(contentRoute);\n\napp.use(errorMiddleware);\n\nexport default app;\n"]},"_coverageSchema":"1a1c01bbd47fc00a2c39e90264f33305004495a9","hash":"416cd47b37b5c2d0c8d2782f892769159e8c5e98","contentHash":"a5d31109cdb93de4f003de5c38ec611371dfe7a59b472ee39e8a1c2d22cfcc0b"},"/home/airelribeiro/Desktop/portifolio/aplicacoes/testes-tecnicos/motrix-desafio/backend/src/routes/Content.route.ts":{"path":"/home/airelribeiro/Desktop/portifolio/aplicacoes/testes-tecnicos/motrix-desafio/backend/src/routes/Content.route.ts","statementMap":{"0":{"start":{"line":2,"column":22},"end":{"line":12,"column":3}},"1":{"start":{"line":3,"column":4},"end":{"line":3,"column":33}},"2":{"start":{"line":3,"column":26},"end":{"line":3,"column":33}},"3":{"start":{"line":4,"column":15},"end":{"line":4,"column":52}},"4":{"start":{"line":5,"column":4},"end":{"line":7,"column":5}},"5":{"start":{"line":6,"column":6},"end":{"line":6,"column":68}},"6":{"start":{"line":6,"column":51},"end":{"line":6,"column":63}},"7":{"start":{"line":8,"column":4},"end":{"line":8,"column":39}},"8":{"start":{"line":10,"column":4},"end":{"line":10,"column":33}},"9":{"start":{"line":10,"column":26},"end":{"line":10,"column":33}},"10":{"start":{"line":11,"column":4},"end":{"line":11,"column":17}},"11":{"start":{"line":13,"column":25},"end":{"line":17,"column":2}},"12":{"start":{"line":14,"column":4},"end":{"line":14,"column":72}},"13":{"start":{"line":16,"column":4},"end":{"line":16,"column":21}},"14":{"start":{"line":18,"column":19},"end":{"line":24,"column":1}},"15":{"start":{"line":19,"column":4},"end":{"line":19,"column":42}},"16":{"start":{"line":19,"column":31},"end":{"line":19,"column":42}},"17":{"start":{"line":20,"column":17},"end":{"line":20,"column":19}},"18":{"start":{"line":21,"column":4},"end":{"line":21,"column":141}},"19":{"start":{"line":21,"column":21},"end":{"line":21,"column":141}},"20":{"start":{"line":21,"column":40},"end":{"line":21,"column":141}},"21":{"start":{"line":21,"column":109},"end":{"line":21,"column":141}},"22":{"start":{"line":22,"column":4},"end":{"line":22,"column":36}},"23":{"start":{"line":23,"column":4},"end":{"line":23,"column":18}},"24":{"start":{"line":25,"column":22},"end":{"line":27,"column":1}},"25":{"start":{"line":26,"column":4},"end":{"line":26,"column":62}},"26":{"start":{"line":28,"column":0},"end":{"line":28,"column":62}},"27":{"start":{"line":29,"column":16},"end":{"line":29,"column":48}},"28":{"start":{"line":30,"column":0},"end":{"line":30,"column":32}},"29":{"start":{"line":31,"column":18},"end":{"line":31,"column":72}},"30":{"start":{"line":32,"column":18},"end":{"line":32,"column":72}},"31":{"start":{"line":33,"column":26},"end":{"line":33,"column":81}},"32":{"start":{"line":34,"column":26},"end":{"line":34,"column":81}},"33":{"start":{"line":35,"column":29},"end":{"line":35,"column":90}},"34":{"start":{"line":36,"column":26},"end":{"line":36,"column":84}},"35":{"start":{"line":37,"column":21},"end":{"line":37,"column":37}},"36":{"start":{"line":38,"column":26},"end":{"line":38,"column":177}},"37":{"start":{"line":39,"column":0},"end":{"line":41,"column":3}},"38":{"start":{"line":40,"column":4},"end":{"line":40,"column":39}},"39":{"start":{"line":42,"column":0},"end":{"line":44,"column":3}},"40":{"start":{"line":43,"column":4},"end":{"line":43,"column":50}},"41":{"start":{"line":45,"column":0},"end":{"line":47,"column":3}},"42":{"start":{"line":46,"column":4},"end":{"line":46,"column":50}},"43":{"start":{"line":48,"column":0},"end":{"line":50,"column":3}},"44":{"start":{"line":49,"column":4},"end":{"line":49,"column":40}},"45":{"start":{"line":51,"column":0},"end":{"line":53,"column":3}},"46":{"start":{"line":52,"column":4},"end":{"line":52,"column":45}},"47":{"start":{"line":54,"column":0},"end":{"line":56,"column":3}},"48":{"start":{"line":55,"column":4},"end":{"line":55,"column":45}},"49":{"start":{"line":57,"column":0},"end":{"line":57,"column":31}}},"fnMap":{"0":{"name":"(anonymous_0)","decl":{"start":{"line":2,"column":74},"end":{"line":2,"column":75}},"loc":{"start":{"line":2,"column":96},"end":{"line":9,"column":1}},"line":2},"1":{"name":"(anonymous_1)","decl":{"start":{"line":6,"column":38},"end":{"line":6,"column":39}},"loc":{"start":{"line":6,"column":49},"end":{"line":6,"column":65}},"line":6},"2":{"name":"(anonymous_2)","decl":{"start":{"line":9,"column":6},"end":{"line":9,"column":7}},"loc":{"start":{"line":9,"column":28},"end":{"line":12,"column":1}},"line":9},"3":{"name":"(anonymous_3)","decl":{"start":{"line":13,"column":80},"end":{"line":13,"column":81}},"loc":{"start":{"line":13,"column":95},"end":{"line":15,"column":1}},"line":13},"4":{"name":"(anonymous_4)","decl":{"start":{"line":15,"column":5},"end":{"line":15,"column":6}},"loc":{"start":{"line":15,"column":20},"end":{"line":17,"column":1}},"line":15},"5":{"name":"(anonymous_5)","decl":{"start":{"line":18,"column":50},"end":{"line":18,"column":51}},"loc":{"start":{"line":18,"column":65},"end":{"line":24,"column":1}},"line":18},"6":{"name":"(anonymous_6)","decl":{"start":{"line":25,"column":56},"end":{"line":25,"column":57}},"loc":{"start":{"line":25,"column":71},"end":{"line":27,"column":1}},"line":25},"7":{"name":"(anonymous_7)","decl":{"start":{"line":39,"column":50},"end":{"line":39,"column":51}},"loc":{"start":{"line":39,"column":64},"end":{"line":41,"column":1}},"line":39},"8":{"name":"(anonymous_8)","decl":{"start":{"line":42,"column":28},"end":{"line":42,"column":29}},"loc":{"start":{"line":42,"column":48},"end":{"line":44,"column":1}},"line":42},"9":{"name":"(anonymous_9)","decl":{"start":{"line":45,"column":25},"end":{"line":45,"column":26}},"loc":{"start":{"line":45,"column":45},"end":{"line":47,"column":1}},"line":45},"10":{"name":"(anonymous_10)","decl":{"start":{"line":48,"column":22},"end":{"line":48,"column":23}},"loc":{"start":{"line":48,"column":36},"end":{"line":50,"column":1}},"line":48},"11":{"name":"(anonymous_11)","decl":{"start":{"line":51,"column":52},"end":{"line":51,"column":53}},"loc":{"start":{"line":51,"column":72},"end":{"line":53,"column":1}},"line":51},"12":{"name":"(anonymous_12)","decl":{"start":{"line":54,"column":28},"end":{"line":54,"column":29}},"loc":{"start":{"line":54,"column":48},"end":{"line":56,"column":1}},"line":54}},"branchMap":{"0":{"loc":{"start":{"line":2,"column":22},"end":{"line":12,"column":3}},"type":"binary-expr","locations":[{"start":{"line":2,"column":23},"end":{"line":2,"column":27}},{"start":{"line":2,"column":31},"end":{"line":2,"column":51}},{"start":{"line":2,"column":57},"end":{"line":12,"column":2}}],"line":2},"1":{"loc":{"start":{"line":2,"column":57},"end":{"line":12,"column":2}},"type":"cond-expr","locations":[{"start":{"line":2,"column":74},"end":{"line":9,"column":1}},{"start":{"line":9,"column":6},"end":{"line":12,"column":1}}],"line":2},"2":{"loc":{"start":{"line":3,"column":4},"end":{"line":3,"column":33}},"type":"if","locations":[{"start":{"line":3,"column":4},"end":{"line":3,"column":33}},{"start":{"line":3,"column":4},"end":{"line":3,"column":33}}],"line":3},"3":{"loc":{"start":{"line":5,"column":4},"end":{"line":7,"column":5}},"type":"if","locations":[{"start":{"line":5,"column":4},"end":{"line":7,"column":5}},{"start":{"line":5,"column":4},"end":{"line":7,"column":5}}],"line":5},"4":{"loc":{"start":{"line":5,"column":8},"end":{"line":5,"column":85}},"type":"binary-expr","locations":[{"start":{"line":5,"column":8},"end":{"line":5,"column":13}},{"start":{"line":5,"column":18},"end":{"line":5,"column":84}}],"line":5},"5":{"loc":{"start":{"line":5,"column":18},"end":{"line":5,"column":84}},"type":"cond-expr","locations":[{"start":{"line":5,"column":34},"end":{"line":5,"column":47}},{"start":{"line":5,"column":50},"end":{"line":5,"column":84}}],"line":5},"6":{"loc":{"start":{"line":5,"column":50},"end":{"line":5,"column":84}},"type":"binary-expr","locations":[{"start":{"line":5,"column":50},"end":{"line":5,"column":63}},{"start":{"line":5,"column":67},"end":{"line":5,"column":84}}],"line":5},"7":{"loc":{"start":{"line":10,"column":4},"end":{"line":10,"column":33}},"type":"if","locations":[{"start":{"line":10,"column":4},"end":{"line":10,"column":33}},{"start":{"line":10,"column":4},"end":{"line":10,"column":33}}],"line":10},"8":{"loc":{"start":{"line":13,"column":25},"end":{"line":17,"column":2}},"type":"binary-expr","locations":[{"start":{"line":13,"column":26},"end":{"line":13,"column":30}},{"start":{"line":13,"column":34},"end":{"line":13,"column":57}},{"start":{"line":13,"column":63},"end":{"line":17,"column":1}}],"line":13},"9":{"loc":{"start":{"line":13,"column":63},"end":{"line":17,"column":1}},"type":"cond-expr","locations":[{"start":{"line":13,"column":80},"end":{"line":15,"column":1}},{"start":{"line":15,"column":5},"end":{"line":17,"column":1}}],"line":13},"10":{"loc":{"start":{"line":18,"column":19},"end":{"line":24,"column":1}},"type":"binary-expr","locations":[{"start":{"line":18,"column":20},"end":{"line":18,"column":24}},{"start":{"line":18,"column":28},"end":{"line":18,"column":45}},{"start":{"line":18,"column":50},"end":{"line":24,"column":1}}],"line":18},"11":{"loc":{"start":{"line":19,"column":4},"end":{"line":19,"column":42}},"type":"if","locations":[{"start":{"line":19,"column":4},"end":{"line":19,"column":42}},{"start":{"line":19,"column":4},"end":{"line":19,"column":42}}],"line":19},"12":{"loc":{"start":{"line":19,"column":8},"end":{"line":19,"column":29}},"type":"binary-expr","locations":[{"start":{"line":19,"column":8},"end":{"line":19,"column":11}},{"start":{"line":19,"column":15},"end":{"line":19,"column":29}}],"line":19},"13":{"loc":{"start":{"line":21,"column":4},"end":{"line":21,"column":141}},"type":"if","locations":[{"start":{"line":21,"column":4},"end":{"line":21,"column":141}},{"start":{"line":21,"column":4},"end":{"line":21,"column":141}}],"line":21},"14":{"loc":{"start":{"line":21,"column":40},"end":{"line":21,"column":141}},"type":"if","locations":[{"start":{"line":21,"column":40},"end":{"line":21,"column":141}},{"start":{"line":21,"column":40},"end":{"line":21,"column":141}}],"line":21},"15":{"loc":{"start":{"line":21,"column":44},"end":{"line":21,"column":107}},"type":"binary-expr","locations":[{"start":{"line":21,"column":44},"end":{"line":21,"column":59}},{"start":{"line":21,"column":63},"end":{"line":21,"column":107}}],"line":21},"16":{"loc":{"start":{"line":25,"column":22},"end":{"line":27,"column":1}},"type":"binary-expr","locations":[{"start":{"line":25,"column":23},"end":{"line":25,"column":27}},{"start":{"line":25,"column":31},"end":{"line":25,"column":51}},{"start":{"line":25,"column":56},"end":{"line":27,"column":1}}],"line":25},"17":{"loc":{"start":{"line":26,"column":11},"end":{"line":26,"column":61}},"type":"cond-expr","locations":[{"start":{"line":26,"column":37},"end":{"line":26,"column":40}},{"start":{"line":26,"column":43},"end":{"line":26,"column":61}}],"line":26},"18":{"loc":{"start":{"line":26,"column":12},"end":{"line":26,"column":33}},"type":"binary-expr","locations":[{"start":{"line":26,"column":12},"end":{"line":26,"column":15}},{"start":{"line":26,"column":19},"end":{"line":26,"column":33}}],"line":26}},"s":{"0":1,"1":11,"2":11,"3":11,"4":11,"5":11,"6":1,"7":11,"8":0,"9":0,"10":0,"11":1,"12":1,"13":0,"14":1,"15":1,"16":0,"17":1,"18":1,"19":1,"20":11,"21":11,"22":1,"23":1,"24":1,"25":6,"26":1,"27":1,"28":1,"29":1,"30":1,"31":1,"32":1,"33":1,"34":1,"35":1,"36":1,"37":1,"38":2,"39":1,"40":4,"41":1,"42":4,"43":1,"44":2,"45":1,"46":6,"47":1,"48":6,"49":1},"f":{"0":11,"1":1,"2":0,"3":1,"4":0,"5":1,"6":6,"7":2,"8":4,"9":4,"10":2,"11":6,"12":6},"b":{"0":[1,1,1],"1":[1,0],"2":[11,0],"3":[11,0],"4":[11,11],"5":[0,11],"6":[11,0],"7":[0,0],"8":[1,1,1],"9":[1,0],"10":[1,1,1],"11":[0,1],"12":[1,1],"13":[1,0],"14":[11,0],"15":[11,11],"16":[1,1,1],"17":[6,0],"18":[6,6]},"inputSourceMap":{"version":3,"file":"/home/airelribeiro/Desktop/portifolio/aplicacoes/testes-tecnicos/motrix-desafio/backend/src/routes/Content.route.ts","sources":["/home/airelribeiro/Desktop/portifolio/aplicacoes/testes-tecnicos/motrix-desafio/backend/src/routes/Content.route.ts"],"names":[],"mappings":";;;;;;;;;;;;;;;;;;;;;;;;;;;;AAAA,iDAAmC;AACnC,OAAO,CAAC,sBAAsB,CAAC,CAAC;AAChC,yEAAiD;AACjD,yEAAiD;AACjD,kFAAyD;AACzD,kFAAyD;AACzD,2FAAkE;AAClE,qFAA+D;AAE/D,MAAM,YAAY,GAAG,OAAO,CAAC,MAAM,EAAE,CAAC;AAEtC,MAAM,iBAAiB,GAAG,IAAI,4BAAiB,CAC7C,IAAI,yBAAc,CAAC,iBAAO,EAAE,iBAAO,CAAC,EACpC,IAAI,yBAAc,CAAC,iBAAO,CAAC,CAC5B,CAAC;AAEF,YAAY,CAAC,IAAI,CAAC,GAAG,EAAE,yBAAiB,EAAE,CAAC,GAAG,EAAE,GAAG,EAAE,EAAE;IACrD,iBAAiB,CAAC,MAAM,CAAC,GAAG,EAAE,GAAG,CAAC,CAAC;AACrC,CAAC,CAAC,CAAC;AAEH,YAAY,CAAC,GAAG,CAAC,SAAS,EAAE,CAAC,GAAG,EAAE,GAAG,EAAE,IAAI,EAAE,EAAE;IAC7C,iBAAiB,CAAC,WAAW,CAAC,GAAG,EAAE,GAAG,EAAE,IAAI,CAAC,CAAC;AAChD,CAAC,CAAC,CAAC;AAEH,YAAY,CAAC,GAAG,CAAC,MAAM,EAAE,CAAC,GAAG,EAAE,GAAG,EAAE,IAAI,EAAE,EAAE;IAC1C,iBAAiB,CAAC,WAAW,CAAC,GAAG,EAAE,GAAG,EAAE,IAAI,CAAC,CAAC;AAChD,CAAC,CAAC,CAAC;AAEH,YAAY,CAAC,GAAG,CAAC,GAAG,EAAE,CAAC,GAAG,EAAE,GAAG,EAAE,EAAE;IACjC,iBAAiB,CAAC,OAAO,CAAC,GAAG,EAAE,GAAG,CAAC,CAAC;AACtC,CAAC,CAAC,CAAC;AAEH,YAAY,CAAC,GAAG,CAAC,MAAM,EAAE,yBAAiB,EAAE,CAAC,GAAG,EAAE,GAAG,EAAE,IAAI,EAAE,EAAE;IAC7D,iBAAiB,CAAC,MAAM,CAAC,GAAG,EAAE,GAAG,EAAE,IAAI,CAAC,CAAC;AAC3C,CAAC,CAAC,CAAC;AAEH,YAAY,CAAC,MAAM,CAAC,MAAM,EAAE,CAAC,GAAG,EAAE,GAAG,EAAE,IAAI,EAAE,EAAE;IAC7C,iBAAiB,CAAC,MAAM,CAAC,GAAG,EAAE,GAAG,EAAE,IAAI,CAAC,CAAC;AAC3C,CAAC,CAAC,CAAC;AAEH,kBAAe,YAAY,CAAC","sourcesContent":["import * as express from 'express';\nrequire('express-async-errors');\nimport Content from '../database/models/Content';\nimport History from '../database/models/History';\nimport ContentService from '../services/Content.service';\nimport HistoryService from '../services/History.service';\nimport ContentController from '../controllers/Content.controller';\nimport contentVAlidation from '../middlewares/validateContent';\n\nconst contentRoute = express.Router();\n\nconst contentController = new ContentController(\n  new ContentService(Content, History),\n  new HistoryService(History)\n);\n\ncontentRoute.post('/', contentVAlidation, (req, res) => {\n  contentController.create(req, res);\n});\n\ncontentRoute.get('/search', (req, res, next) => {\n  contentController.findByTitle(req, res, next);\n});\n\ncontentRoute.get('/:id', (req, res, next) => {\n  contentController.findHistory(req, res, next);\n});\n\ncontentRoute.get('/', (req, res) => {\n  contentController.findAll(req, res);\n});\n\ncontentRoute.put('/:id', contentVAlidation, (req, res, next) => {\n  contentController.update(req, res, next);\n});\n\ncontentRoute.delete('/:id', (req, res, next) => {\n  contentController.delete(req, res, next);\n});\n\nexport default contentRoute;\n"]},"_coverageSchema":"1a1c01bbd47fc00a2c39e90264f33305004495a9","hash":"d0d65c2546e506bad487a93f129c2d134db4fd43","contentHash":"ddc0fdc4755dbdae708ed959b37a800da17ab371f1906005fb0ef6537b45870f"},"/home/airelribeiro/Desktop/portifolio/aplicacoes/testes-tecnicos/motrix-desafio/backend/src/database/models/Content.ts":{"path":"/home/airelribeiro/Desktop/portifolio/aplicacoes/testes-tecnicos/motrix-desafio/backend/src/database/models/Content.ts","statementMap":{"0":{"start":{"line":2,"column":22},"end":{"line":4,"column":1}},"1":{"start":{"line":3,"column":4},"end":{"line":3,"column":62}},"2":{"start":{"line":5,"column":0},"end":{"line":5,"column":62}},"3":{"start":{"line":6,"column":20},"end":{"line":6,"column":40}},"4":{"start":{"line":7,"column":11},"end":{"line":7,"column":40}},"5":{"start":{"line":10,"column":0},"end":{"line":39,"column":3}},"6":{"start":{"line":40,"column":0},"end":{"line":40,"column":26}}},"fnMap":{"0":{"name":"(anonymous_0)","decl":{"start":{"line":2,"column":56},"end":{"line":2,"column":57}},"loc":{"start":{"line":2,"column":71},"end":{"line":4,"column":1}},"line":2}},"branchMap":{"0":{"loc":{"start":{"line":2,"column":22},"end":{"line":4,"column":1}},"type":"binary-expr","locations":[{"start":{"line":2,"column":23},"end":{"line":2,"column":27}},{"start":{"line":2,"column":31},"end":{"line":2,"column":51}},{"start":{"line":2,"column":56},"end":{"line":4,"column":1}}],"line":2},"1":{"loc":{"start":{"line":3,"column":11},"end":{"line":3,"column":61}},"type":"cond-expr","locations":[{"start":{"line":3,"column":37},"end":{"line":3,"column":40}},{"start":{"line":3,"column":43},"end":{"line":3,"column":61}}],"line":3},"2":{"loc":{"start":{"line":3,"column":12},"end":{"line":3,"column":33}},"type":"binary-expr","locations":[{"start":{"line":3,"column":12},"end":{"line":3,"column":15}},{"start":{"line":3,"column":19},"end":{"line":3,"column":33}}],"line":3}},"s":{"0":1,"1":1,"2":1,"3":1,"4":1,"5":1,"6":1},"f":{"0":1},"b":{"0":[1,1,1],"1":[1,0],"2":[1,1]},"inputSourceMap":{"version":3,"file":"/home/airelribeiro/Desktop/portifolio/aplicacoes/testes-tecnicos/motrix-desafio/backend/src/database/models/Content.ts","sources":["/home/airelribeiro/Desktop/portifolio/aplicacoes/testes-tecnicos/motrix-desafio/backend/src/database/models/Content.ts"],"names":[],"mappings":";;;;;AAAA,yCAA6C;AAC7C,yCAAmB;AAEnB,MAAM,OAAQ,SAAQ,iBAAK;CAM1B;AAED,OAAO,CAAC,IAAI,CACV;IACE,EAAE,EAAE;QACF,aAAa,EAAE,IAAI;QACnB,UAAU,EAAE,IAAI;QAChB,IAAI,EAAE,qBAAS,CAAC,OAAO;KACxB;IACD,MAAM,EAAE;QACN,SAAS,EAAE,KAAK;QAChB,IAAI,EAAE,qBAAS,CAAC,MAAM;KACvB;IACD,KAAK,EAAE;QACL,SAAS,EAAE,IAAI;QACf,IAAI,EAAE,qBAAS,CAAC,IAAI;KACrB;IACD,UAAU,EAAE;QACV,SAAS,EAAE,KAAK;QAChB,IAAI,EAAE,qBAAS,CAAC,IAAI;QACpB,YAAY,EAAE,IAAI,IAAI,EAAE;KACzB;IACD,UAAU,EAAE;QACV,SAAS,EAAE,KAAK;QAChB,IAAI,EAAE,qBAAS,CAAC,IAAI;QACpB,YAAY,EAAE,IAAI,IAAI,EAAE;KACzB;CACF,EACD;IACE,SAAS,EAAE,UAAU;IACrB,WAAW,EAAE,IAAI;IACjB,UAAU,EAAE,KAAK;IACjB,SAAS,EAAE,UAAE;CACd,CACF,CAAC;AAEF,kBAAe,OAAO,CAAC","sourcesContent":["import { DataTypes, Model } from 'sequelize';\nimport db from '.';\n\nclass Content extends Model {\n  id!: number;\n  titulo!: string;\n  corpo?: string;\n  created_at!: Date;\n  updated_at!: Date;\n}\n\nContent.init(\n  {\n    id: {\n      autoIncrement: true,\n      primaryKey: true,\n      type: DataTypes.INTEGER,\n    },\n    titulo: {\n      allowNull: false,\n      type: DataTypes.STRING,\n    },\n    corpo: {\n      allowNull: true,\n      type: DataTypes.TEXT,\n    },\n    created_at: {\n      allowNull: false,\n      type: DataTypes.DATE,\n      defaultValue: new Date()\n    },\n    updated_at: {\n      allowNull: false,\n      type: DataTypes.DATE,\n      defaultValue: new Date()\n    }\n  },\n  {\n    modelName: 'contents',\n    underscored: true,\n    timestamps: false,\n    sequelize: db,\n  },\n);\n\nexport default Content;"]},"_coverageSchema":"1a1c01bbd47fc00a2c39e90264f33305004495a9","hash":"30904698e10a3d7dc8568fc5afd9aae26e8eca77","contentHash":"60d01c903671c0a9b00fc566b5fed033f3641625df4151be6b44f5ca25fe95a6"},"/home/airelribeiro/Desktop/portifolio/aplicacoes/testes-tecnicos/motrix-desafio/backend/src/database/models/index.ts":{"path":"/home/airelribeiro/Desktop/portifolio/aplicacoes/testes-tecnicos/motrix-desafio/backend/src/database/models/index.ts","statementMap":{"0":{"start":{"line":2,"column":22},"end":{"line":12,"column":3}},"1":{"start":{"line":3,"column":4},"end":{"line":3,"column":33}},"2":{"start":{"line":3,"column":26},"end":{"line":3,"column":33}},"3":{"start":{"line":4,"column":15},"end":{"line":4,"column":52}},"4":{"start":{"line":5,"column":4},"end":{"line":7,"column":5}},"5":{"start":{"line":6,"column":6},"end":{"line":6,"column":68}},"6":{"start":{"line":6,"column":51},"end":{"line":6,"column":63}},"7":{"start":{"line":8,"column":4},"end":{"line":8,"column":39}},"8":{"start":{"line":10,"column":4},"end":{"line":10,"column":33}},"9":{"start":{"line":10,"column":26},"end":{"line":10,"column":33}},"10":{"start":{"line":11,"column":4},"end":{"line":11,"column":17}},"11":{"start":{"line":13,"column":25},"end":{"line":17,"column":2}},"12":{"start":{"line":14,"column":4},"end":{"line":14,"column":72}},"13":{"start":{"line":16,"column":4},"end":{"line":16,"column":21}},"14":{"start":{"line":18,"column":19},"end":{"line":24,"column":1}},"15":{"start":{"line":19,"column":4},"end":{"line":19,"column":42}},"16":{"start":{"line":19,"column":31},"end":{"line":19,"column":42}},"17":{"start":{"line":20,"column":17},"end":{"line":20,"column":19}},"18":{"start":{"line":21,"column":4},"end":{"line":21,"column":141}},"19":{"start":{"line":21,"column":21},"end":{"line":21,"column":141}},"20":{"start":{"line":21,"column":40},"end":{"line":21,"column":141}},"21":{"start":{"line":21,"column":109},"end":{"line":21,"column":141}},"22":{"start":{"line":22,"column":4},"end":{"line":22,"column":36}},"23":{"start":{"line":23,"column":4},"end":{"line":23,"column":18}},"24":{"start":{"line":25,"column":0},"end":{"line":25,"column":62}},"25":{"start":{"line":26,"column":20},"end":{"line":26,"column":40}},"26":{"start":{"line":27,"column":15},"end":{"line":27,"column":56}},"27":{"start":{"line":28,"column":0},"end":{"line":28,"column":52}}},"fnMap":{"0":{"name":"(anonymous_0)","decl":{"start":{"line":2,"column":74},"end":{"line":2,"column":75}},"loc":{"start":{"line":2,"column":96},"end":{"line":9,"column":1}},"line":2},"1":{"name":"(anonymous_1)","decl":{"start":{"line":6,"column":38},"end":{"line":6,"column":39}},"loc":{"start":{"line":6,"column":49},"end":{"line":6,"column":65}},"line":6},"2":{"name":"(anonymous_2)","decl":{"start":{"line":9,"column":6},"end":{"line":9,"column":7}},"loc":{"start":{"line":9,"column":28},"end":{"line":12,"column":1}},"line":9},"3":{"name":"(anonymous_3)","decl":{"start":{"line":13,"column":80},"end":{"line":13,"column":81}},"loc":{"start":{"line":13,"column":95},"end":{"line":15,"column":1}},"line":13},"4":{"name":"(anonymous_4)","decl":{"start":{"line":15,"column":5},"end":{"line":15,"column":6}},"loc":{"start":{"line":15,"column":20},"end":{"line":17,"column":1}},"line":15},"5":{"name":"(anonymous_5)","decl":{"start":{"line":18,"column":50},"end":{"line":18,"column":51}},"loc":{"start":{"line":18,"column":65},"end":{"line":24,"column":1}},"line":18}},"branchMap":{"0":{"loc":{"start":{"line":2,"column":22},"end":{"line":12,"column":3}},"type":"binary-expr","locations":[{"start":{"line":2,"column":23},"end":{"line":2,"column":27}},{"start":{"line":2,"column":31},"end":{"line":2,"column":51}},{"start":{"line":2,"column":57},"end":{"line":12,"column":2}}],"line":2},"1":{"loc":{"start":{"line":2,"column":57},"end":{"line":12,"column":2}},"type":"cond-expr","locations":[{"start":{"line":2,"column":74},"end":{"line":9,"column":1}},{"start":{"line":9,"column":6},"end":{"line":12,"column":1}}],"line":2},"2":{"loc":{"start":{"line":3,"column":4},"end":{"line":3,"column":33}},"type":"if","locations":[{"start":{"line":3,"column":4},"end":{"line":3,"column":33}},{"start":{"line":3,"column":4},"end":{"line":3,"column":33}}],"line":3},"3":{"loc":{"start":{"line":5,"column":4},"end":{"line":7,"column":5}},"type":"if","locations":[{"start":{"line":5,"column":4},"end":{"line":7,"column":5}},{"start":{"line":5,"column":4},"end":{"line":7,"column":5}}],"line":5},"4":{"loc":{"start":{"line":5,"column":8},"end":{"line":5,"column":85}},"type":"binary-expr","locations":[{"start":{"line":5,"column":8},"end":{"line":5,"column":13}},{"start":{"line":5,"column":18},"end":{"line":5,"column":84}}],"line":5},"5":{"loc":{"start":{"line":5,"column":18},"end":{"line":5,"column":84}},"type":"cond-expr","locations":[{"start":{"line":5,"column":34},"end":{"line":5,"column":47}},{"start":{"line":5,"column":50},"end":{"line":5,"column":84}}],"line":5},"6":{"loc":{"start":{"line":5,"column":50},"end":{"line":5,"column":84}},"type":"binary-expr","locations":[{"start":{"line":5,"column":50},"end":{"line":5,"column":63}},{"start":{"line":5,"column":67},"end":{"line":5,"column":84}}],"line":5},"7":{"loc":{"start":{"line":10,"column":4},"end":{"line":10,"column":33}},"type":"if","locations":[{"start":{"line":10,"column":4},"end":{"line":10,"column":33}},{"start":{"line":10,"column":4},"end":{"line":10,"column":33}}],"line":10},"8":{"loc":{"start":{"line":13,"column":25},"end":{"line":17,"column":2}},"type":"binary-expr","locations":[{"start":{"line":13,"column":26},"end":{"line":13,"column":30}},{"start":{"line":13,"column":34},"end":{"line":13,"column":57}},{"start":{"line":13,"column":63},"end":{"line":17,"column":1}}],"line":13},"9":{"loc":{"start":{"line":13,"column":63},"end":{"line":17,"column":1}},"type":"cond-expr","locations":[{"start":{"line":13,"column":80},"end":{"line":15,"column":1}},{"start":{"line":15,"column":5},"end":{"line":17,"column":1}}],"line":13},"10":{"loc":{"start":{"line":18,"column":19},"end":{"line":24,"column":1}},"type":"binary-expr","locations":[{"start":{"line":18,"column":20},"end":{"line":18,"column":24}},{"start":{"line":18,"column":28},"end":{"line":18,"column":45}},{"start":{"line":18,"column":50},"end":{"line":24,"column":1}}],"line":18},"11":{"loc":{"start":{"line":19,"column":4},"end":{"line":19,"column":42}},"type":"if","locations":[{"start":{"line":19,"column":4},"end":{"line":19,"column":42}},{"start":{"line":19,"column":4},"end":{"line":19,"column":42}}],"line":19},"12":{"loc":{"start":{"line":19,"column":8},"end":{"line":19,"column":29}},"type":"binary-expr","locations":[{"start":{"line":19,"column":8},"end":{"line":19,"column":11}},{"start":{"line":19,"column":15},"end":{"line":19,"column":29}}],"line":19},"13":{"loc":{"start":{"line":21,"column":4},"end":{"line":21,"column":141}},"type":"if","locations":[{"start":{"line":21,"column":4},"end":{"line":21,"column":141}},{"start":{"line":21,"column":4},"end":{"line":21,"column":141}}],"line":21},"14":{"loc":{"start":{"line":21,"column":40},"end":{"line":21,"column":141}},"type":"if","locations":[{"start":{"line":21,"column":40},"end":{"line":21,"column":141}},{"start":{"line":21,"column":40},"end":{"line":21,"column":141}}],"line":21},"15":{"loc":{"start":{"line":21,"column":44},"end":{"line":21,"column":107}},"type":"binary-expr","locations":[{"start":{"line":21,"column":44},"end":{"line":21,"column":59}},{"start":{"line":21,"column":63},"end":{"line":21,"column":107}}],"line":21}},"s":{"0":1,"1":6,"2":6,"3":6,"4":6,"5":6,"6":16,"7":6,"8":0,"9":0,"10":0,"11":1,"12":1,"13":0,"14":1,"15":1,"16":0,"17":1,"18":1,"19":1,"20":6,"21":6,"22":1,"23":1,"24":1,"25":1,"26":1,"27":1},"f":{"0":6,"1":16,"2":0,"3":1,"4":0,"5":1},"b":{"0":[1,1,1],"1":[1,0],"2":[6,0],"3":[6,0],"4":[6,6],"5":[0,6],"6":[6,0],"7":[0,0],"8":[1,1,1],"9":[1,0],"10":[1,1,1],"11":[0,1],"12":[1,1],"13":[1,0],"14":[6,0],"15":[6,6]},"inputSourceMap":{"version":3,"file":"/home/airelribeiro/Desktop/portifolio/aplicacoes/testes-tecnicos/motrix-desafio/backend/src/database/models/index.ts","sources":["/home/airelribeiro/Desktop/portifolio/aplicacoes/testes-tecnicos/motrix-desafio/backend/src/database/models/index.ts"],"names":[],"mappings":";;;;;;;;;;;;;;;;;;;;;;;;;AAAA,yCAAsC;AACtC,yDAA2C;AAE3C,kBAAe,IAAI,qBAAS,CAAC,MAAM,CAAC,CAAC","sourcesContent":["import { Sequelize } from 'sequelize';\nimport * as config from '../config/config';\n\nexport default new Sequelize(config);\n"]},"_coverageSchema":"1a1c01bbd47fc00a2c39e90264f33305004495a9","hash":"47e309ccdc6e0ef41b21864feebb4aa9ed851d99","contentHash":"73d890bf9421afa7c3a9654e1ebb2d7c07443ac074cacadc03215780de121ab3"},"/home/airelribeiro/Desktop/portifolio/aplicacoes/testes-tecnicos/motrix-desafio/backend/src/database/config/config.ts":{"path":"/home/airelribeiro/Desktop/portifolio/aplicacoes/testes-tecnicos/motrix-desafio/backend/src/database/config/config.ts","statementMap":{"0":{"start":{"line":2,"column":0},"end":{"line":2,"column":62}},"1":{"start":{"line":3,"column":0},"end":{"line":3,"column":25}},"2":{"start":{"line":4,"column":15},"end":{"line":11,"column":1}},"3":{"start":{"line":12,"column":0},"end":{"line":12,"column":24}}},"fnMap":{},"branchMap":{"0":{"loc":{"start":{"line":5,"column":14},"end":{"line":5,"column":43}},"type":"binary-expr","locations":[{"start":{"line":5,"column":14},"end":{"line":5,"column":33}},{"start":{"line":5,"column":37},"end":{"line":5,"column":43}}],"line":5},"1":{"loc":{"start":{"line":6,"column":14},"end":{"line":6,"column":45}},"type":"binary-expr","locations":[{"start":{"line":6,"column":14},"end":{"line":6,"column":33}},{"start":{"line":6,"column":37},"end":{"line":6,"column":45}}],"line":6},"2":{"loc":{"start":{"line":7,"column":14},"end":{"line":7,"column":45}},"type":"binary-expr","locations":[{"start":{"line":7,"column":14},"end":{"line":7,"column":33}},{"start":{"line":7,"column":37},"end":{"line":7,"column":45}}],"line":7},"3":{"loc":{"start":{"line":8,"column":10},"end":{"line":8,"column":44}},"type":"binary-expr","locations":[{"start":{"line":8,"column":10},"end":{"line":8,"column":29}},{"start":{"line":8,"column":33},"end":{"line":8,"column":44}}],"line":8},"4":{"loc":{"start":{"line":9,"column":17},"end":{"line":9,"column":44}},"type":"binary-expr","locations":[{"start":{"line":9,"column":17},"end":{"line":9,"column":36}},{"start":{"line":9,"column":40},"end":{"line":9,"column":44}}],"line":9}},"s":{"0":1,"1":1,"2":1,"3":1},"f":{},"b":{"0":[1,0],"1":[1,0],"2":[1,1],"3":[1,0],"4":[1,0]},"inputSourceMap":{"version":3,"file":"/home/airelribeiro/Desktop/portifolio/aplicacoes/testes-tecnicos/motrix-desafio/backend/src/database/config/config.ts","sources":["/home/airelribeiro/Desktop/portifolio/aplicacoes/testes-tecnicos/motrix-desafio/backend/src/database/config/config.ts"],"names":[],"mappings":";;AAAA,yBAAuB;AAGvB,MAAM,MAAM,GAAY;IACtB,QAAQ,EAAE,OAAO,CAAC,GAAG,CAAC,OAAO,IAAI,MAAM;IACvC,QAAQ,EAAE,OAAO,CAAC,GAAG,CAAC,OAAO,IAAI,QAAQ;IACzC,QAAQ,EAAE,OAAO,CAAC,GAAG,CAAC,OAAO,IAAI,QAAQ;IACzC,IAAI,EAAE,OAAO,CAAC,GAAG,CAAC,OAAO,IAAI,WAAW;IACxC,IAAI,EAAE,MAAM,CAAC,OAAO,CAAC,GAAG,CAAC,OAAO,IAAI,IAAI,CAAC;IACzC,OAAO,EAAE,OAAO;CACjB,CAAA;AAED,MAAM,CAAC,OAAO,GAAG,MAAM,CAAC","sourcesContent":["import 'dotenv/config';\nimport { Options } from 'sequelize';\n\nconst config: Options = {\n  username: process.env.DB_USER || 'root',\n  password: process.env.DB_PASS || '123456',\n  database: process.env.DB_NAME || 'Motrix',\n  host: process.env.DB_HOST || 'localhost',\n  port: Number(process.env.DB_PORT || 3002),\n  dialect: 'mysql',\n}\n\nmodule.exports = config;\n"]},"_coverageSchema":"1a1c01bbd47fc00a2c39e90264f33305004495a9","hash":"fb96bd54036d454e8b3445143711e0f030ee4aa3","contentHash":"bfecf3a4716a9fd8e72e95a292239901c5bb5a2949c638fe2ced19ed80fc908b"},"/home/airelribeiro/Desktop/portifolio/aplicacoes/testes-tecnicos/motrix-desafio/backend/src/database/models/History.ts":{"path":"/home/airelribeiro/Desktop/portifolio/aplicacoes/testes-tecnicos/motrix-desafio/backend/src/database/models/History.ts","statementMap":{"0":{"start":{"line":2,"column":22},"end":{"line":4,"column":1}},"1":{"start":{"line":3,"column":4},"end":{"line":3,"column":62}},"2":{"start":{"line":5,"column":0},"end":{"line":5,"column":62}},"3":{"start":{"line":6,"column":20},"end":{"line":6,"column":40}},"4":{"start":{"line":7,"column":11},"end":{"line":7,"column":40}},"5":{"start":{"line":8,"column":18},"end":{"line":8,"column":55}},"6":{"start":{"line":11,"column":0},"end":{"line":43,"column":3}},"7":{"start":{"line":44,"column":0},"end":{"line":44,"column":86}},"8":{"start":{"line":45,"column":0},"end":{"line":45,"column":26}}},"fnMap":{"0":{"name":"(anonymous_0)","decl":{"start":{"line":2,"column":56},"end":{"line":2,"column":57}},"loc":{"start":{"line":2,"column":71},"end":{"line":4,"column":1}},"line":2}},"branchMap":{"0":{"loc":{"start":{"line":2,"column":22},"end":{"line":4,"column":1}},"type":"binary-expr","locations":[{"start":{"line":2,"column":23},"end":{"line":2,"column":27}},{"start":{"line":2,"column":31},"end":{"line":2,"column":51}},{"start":{"line":2,"column":56},"end":{"line":4,"column":1}}],"line":2},"1":{"loc":{"start":{"line":3,"column":11},"end":{"line":3,"column":61}},"type":"cond-expr","locations":[{"start":{"line":3,"column":37},"end":{"line":3,"column":40}},{"start":{"line":3,"column":43},"end":{"line":3,"column":61}}],"line":3},"2":{"loc":{"start":{"line":3,"column":12},"end":{"line":3,"column":33}},"type":"binary-expr","locations":[{"start":{"line":3,"column":12},"end":{"line":3,"column":15}},{"start":{"line":3,"column":19},"end":{"line":3,"column":33}}],"line":3}},"s":{"0":1,"1":2,"2":1,"3":1,"4":1,"5":1,"6":1,"7":1,"8":1},"f":{"0":2},"b":{"0":[1,1,1],"1":[2,0],"2":[2,2]},"inputSourceMap":{"version":3,"file":"/home/airelribeiro/Desktop/portifolio/aplicacoes/testes-tecnicos/motrix-desafio/backend/src/database/models/History.ts","sources":["/home/airelribeiro/Desktop/portifolio/aplicacoes/testes-tecnicos/motrix-desafio/backend/src/database/models/History.ts"],"names":[],"mappings":";;;;;AAAA,yCAA6C;AAC7C,yCAAyB;AACzB,wDAAgC;AAEhC,MAAM,OAAQ,SAAQ,iBAAK;CAO1B;AAED,OAAO,CAAC,IAAI,CAAE;IACZ,EAAE,EAAE;QACF,aAAa,EAAE,IAAI;QACnB,UAAU,EAAE,IAAI;QAChB,IAAI,EAAE,qBAAS,CAAC,OAAO;KACxB;IACD,UAAU,EAAE;QACV,SAAS,EAAE,KAAK;QAChB,IAAI,EAAE,qBAAS,CAAC,OAAO;KACxB;IACD,MAAM,EAAE;QACN,SAAS,EAAE,KAAK;QAChB,IAAI,EAAE,qBAAS,CAAC,MAAM;KACvB;IACD,KAAK,EAAE;QACL,SAAS,EAAE,KAAK;QAChB,IAAI,EAAE,qBAAS,CAAC,IAAI;KACrB;IACD,UAAU,EAAE;QACV,SAAS,EAAE,KAAK;QAChB,IAAI,EAAE,qBAAS,CAAC,IAAI;QACpB,YAAY,EAAE,IAAI,IAAI,EAAE;KACzB;IACD,UAAU,EAAE;QACV,SAAS,EAAE,KAAK;QAChB,IAAI,EAAE,qBAAS,CAAC,IAAI;QACpB,YAAY,EAAE,IAAI,IAAI,EAAE;KACzB;CACF,EACD;IACE,SAAS,EAAE,WAAW;IACtB,SAAS,EAAE,UAAQ;IACnB,UAAU,EAAE,KAAK;CAClB,CAAE,CAAA;AAEH,OAAO,CAAC,SAAS,CAAC,iBAAO,EAAE,EAAE,UAAU,EAAE,YAAY,EAAE,EAAE,EAAE,aAAa,EAAE,CAAC,CAAC;AAE5E,kBAAe,OAAO,CAAC","sourcesContent":["import { DataTypes, Model } from 'sequelize';\nimport database from '.';\nimport Content from './Content';\n\nclass History extends Model {\n  id!: number;\n  content_id!: number;\n  titulo!: string;\n  corpo?: string;\n  created_at!: Date;\n  updated_at!: Date;\n}\n\nHistory.init( {\n  id: {\n    autoIncrement: true,\n    primaryKey: true,\n    type: DataTypes.INTEGER,\n  },\n  content_id: {\n    allowNull: false,\n    type: DataTypes.INTEGER,\n  },\n  titulo: {\n    allowNull: false,\n    type: DataTypes.STRING,\n  },\n  corpo: {\n    allowNull: false,\n    type: DataTypes.TEXT,\n  },\n  created_at: {\n    allowNull: false,\n    type: DataTypes.DATE,\n    defaultValue: new Date()\n  },\n  updated_at: {\n    allowNull: false,\n    type: DataTypes.DATE,\n    defaultValue: new Date()\n  }\n},\n{\n  modelName: 'histories',\n  sequelize: database,\n  timestamps: false,\n},)\n\nHistory.belongsTo(Content, { foreignKey: 'content_id', as: 'contentById' });\n\nexport default History;"]},"_coverageSchema":"1a1c01bbd47fc00a2c39e90264f33305004495a9","hash":"90e825910e8a689bdc401d4d7d4ac2626380b866","contentHash":"fd0ea8a159cd8d0884f09adbd444418872c906fbfc5389e6871276614eb75b21"},"/home/airelribeiro/Desktop/portifolio/aplicacoes/testes-tecnicos/motrix-desafio/backend/src/services/Content.service.ts":{"path":"/home/airelribeiro/Desktop/portifolio/aplicacoes/testes-tecnicos/motrix-desafio/backend/src/services/Content.service.ts","statementMap":{"0":{"start":{"line":2,"column":16},"end":{"line":10,"column":1}},"1":{"start":{"line":3,"column":28},"end":{"line":3,"column":110}},"2":{"start":{"line":3,"column":91},"end":{"line":3,"column":106}},"3":{"start":{"line":4,"column":4},"end":{"line":9,"column":7}},"4":{"start":{"line":5,"column":36},"end":{"line":5,"column":97}},"5":{"start":{"line":5,"column":42},"end":{"line":5,"column":70}},"6":{"start":{"line":5,"column":85},"end":{"line":5,"column":95}},"7":{"start":{"line":6,"column":35},"end":{"line":6,"column":100}},"8":{"start":{"line":6,"column":41},"end":{"line":6,"column":73}},"9":{"start":{"line":6,"column":88},"end":{"line":6,"column":98}},"10":{"start":{"line":7,"column":32},"end":{"line":7,"column":116}},"11":{"start":{"line":8,"column":8},"end":{"line":8,"column":78}},"12":{"start":{"line":11,"column":0},"end":{"line":11,"column":62}},"13":{"start":{"line":12,"column":20},"end":{"line":12,"column":40}},"14":{"start":{"line":15,"column":8},"end":{"line":15,"column":41}},"15":{"start":{"line":16,"column":8},"end":{"line":16,"column":41}},"16":{"start":{"line":19,"column":8},"end":{"line":26,"column":11}},"17":{"start":{"line":20,"column":35},"end":{"line":20,"column":74}},"18":{"start":{"line":21,"column":12},"end":{"line":25,"column":42}},"19":{"start":{"line":25,"column":26},"end":{"line":25,"column":40}},"20":{"start":{"line":29,"column":8},"end":{"line":32,"column":11}},"21":{"start":{"line":30,"column":29},"end":{"line":30,"column":62}},"22":{"start":{"line":31,"column":12},"end":{"line":31,"column":28}},"23":{"start":{"line":35,"column":8},"end":{"line":40,"column":11}},"24":{"start":{"line":36,"column":28},"end":{"line":36,"column":64}},"25":{"start":{"line":37,"column":12},"end":{"line":38,"column":51}},"26":{"start":{"line":38,"column":16},"end":{"line":38,"column":51}},"27":{"start":{"line":39,"column":12},"end":{"line":39,"column":27}},"28":{"start":{"line":43,"column":8},"end":{"line":54,"column":11}},"29":{"start":{"line":44,"column":29},"end":{"line":50,"column":14}},"30":{"start":{"line":51,"column":12},"end":{"line":52,"column":52}},"31":{"start":{"line":52,"column":16},"end":{"line":52,"column":52}},"32":{"start":{"line":53,"column":12},"end":{"line":53,"column":28}},"33":{"start":{"line":57,"column":8},"end":{"line":69,"column":11}},"34":{"start":{"line":58,"column":32},"end":{"line":58,"column":68}},"35":{"start":{"line":59,"column":12},"end":{"line":60,"column":51}},"36":{"start":{"line":60,"column":16},"end":{"line":60,"column":51}},"37":{"start":{"line":61,"column":12},"end":{"line":68,"column":66}},"38":{"start":{"line":61,"column":83},"end":{"line":68,"column":14}},"39":{"start":{"line":62,"column":16},"end":{"line":66,"column":19}},"40":{"start":{"line":67,"column":16},"end":{"line":67,"column":71}},"41":{"start":{"line":68,"column":33},"end":{"line":68,"column":62}},"42":{"start":{"line":72,"column":8},"end":{"line":79,"column":11}},"43":{"start":{"line":73,"column":32},"end":{"line":73,"column":68}},"44":{"start":{"line":74,"column":12},"end":{"line":75,"column":51}},"45":{"start":{"line":75,"column":16},"end":{"line":75,"column":51}},"46":{"start":{"line":76,"column":12},"end":{"line":78,"column":65}},"47":{"start":{"line":77,"column":16},"end":{"line":77,"column":69}},"48":{"start":{"line":78,"column":32},"end":{"line":78,"column":61}},"49":{"start":{"line":82,"column":0},"end":{"line":82,"column":33}}},"fnMap":{"0":{"name":"(anonymous_0)","decl":{"start":{"line":2,"column":44},"end":{"line":2,"column":45}},"loc":{"start":{"line":2,"column":89},"end":{"line":10,"column":1}},"line":2},"1":{"name":"adopt","decl":{"start":{"line":3,"column":13},"end":{"line":3,"column":18}},"loc":{"start":{"line":3,"column":26},"end":{"line":3,"column":112}},"line":3},"2":{"name":"(anonymous_2)","decl":{"start":{"line":3,"column":70},"end":{"line":3,"column":71}},"loc":{"start":{"line":3,"column":89},"end":{"line":3,"column":108}},"line":3},"3":{"name":"(anonymous_3)","decl":{"start":{"line":4,"column":36},"end":{"line":4,"column":37}},"loc":{"start":{"line":4,"column":63},"end":{"line":9,"column":5}},"line":4},"4":{"name":"fulfilled","decl":{"start":{"line":5,"column":17},"end":{"line":5,"column":26}},"loc":{"start":{"line":5,"column":34},"end":{"line":5,"column":99}},"line":5},"5":{"name":"rejected","decl":{"start":{"line":6,"column":17},"end":{"line":6,"column":25}},"loc":{"start":{"line":6,"column":33},"end":{"line":6,"column":102}},"line":6},"6":{"name":"step","decl":{"start":{"line":7,"column":17},"end":{"line":7,"column":21}},"loc":{"start":{"line":7,"column":30},"end":{"line":7,"column":118}},"line":7},"7":{"name":"(anonymous_7)","decl":{"start":{"line":14,"column":4},"end":{"line":14,"column":5}},"loc":{"start":{"line":14,"column":44},"end":{"line":17,"column":5}},"line":14},"8":{"name":"(anonymous_8)","decl":{"start":{"line":18,"column":4},"end":{"line":18,"column":5}},"loc":{"start":{"line":18,"column":20},"end":{"line":27,"column":5}},"line":18},"9":{"name":"(anonymous_9)","decl":{"start":{"line":19,"column":47},"end":{"line":19,"column":48}},"loc":{"start":{"line":19,"column":60},"end":{"line":26,"column":9}},"line":19},"10":{"name":"(anonymous_10)","decl":{"start":{"line":25,"column":20},"end":{"line":25,"column":21}},"loc":{"start":{"line":25,"column":26},"end":{"line":25,"column":40}},"line":25},"11":{"name":"(anonymous_11)","decl":{"start":{"line":28,"column":4},"end":{"line":28,"column":5}},"loc":{"start":{"line":28,"column":14},"end":{"line":33,"column":5}},"line":28},"12":{"name":"(anonymous_12)","decl":{"start":{"line":29,"column":47},"end":{"line":29,"column":48}},"loc":{"start":{"line":29,"column":60},"end":{"line":32,"column":9}},"line":29},"13":{"name":"(anonymous_13)","decl":{"start":{"line":34,"column":4},"end":{"line":34,"column":5}},"loc":{"start":{"line":34,"column":17},"end":{"line":41,"column":5}},"line":34},"14":{"name":"(anonymous_14)","decl":{"start":{"line":35,"column":47},"end":{"line":35,"column":48}},"loc":{"start":{"line":35,"column":60},"end":{"line":40,"column":9}},"line":35},"15":{"name":"(anonymous_15)","decl":{"start":{"line":42,"column":4},"end":{"line":42,"column":5}},"loc":{"start":{"line":42,"column":23},"end":{"line":55,"column":5}},"line":42},"16":{"name":"(anonymous_16)","decl":{"start":{"line":43,"column":47},"end":{"line":43,"column":48}},"loc":{"start":{"line":43,"column":60},"end":{"line":54,"column":9}},"line":43},"17":{"name":"(anonymous_17)","decl":{"start":{"line":56,"column":4},"end":{"line":56,"column":5}},"loc":{"start":{"line":56,"column":24},"end":{"line":70,"column":5}},"line":56},"18":{"name":"(anonymous_18)","decl":{"start":{"line":57,"column":47},"end":{"line":57,"column":48}},"loc":{"start":{"line":57,"column":60},"end":{"line":69,"column":9}},"line":57},"19":{"name":"(anonymous_19)","decl":{"start":{"line":61,"column":77},"end":{"line":61,"column":78}},"loc":{"start":{"line":61,"column":83},"end":{"line":68,"column":14}},"line":61},"20":{"name":"(anonymous_20)","decl":{"start":{"line":61,"column":115},"end":{"line":61,"column":116}},"loc":{"start":{"line":61,"column":128},"end":{"line":68,"column":13}},"line":61},"21":{"name":"(anonymous_21)","decl":{"start":{"line":68,"column":22},"end":{"line":68,"column":23}},"loc":{"start":{"line":68,"column":31},"end":{"line":68,"column":64}},"line":68},"22":{"name":"(anonymous_22)","decl":{"start":{"line":71,"column":4},"end":{"line":71,"column":5}},"loc":{"start":{"line":71,"column":15},"end":{"line":80,"column":5}},"line":71},"23":{"name":"(anonymous_23)","decl":{"start":{"line":72,"column":47},"end":{"line":72,"column":48}},"loc":{"start":{"line":72,"column":60},"end":{"line":79,"column":9}},"line":72},"24":{"name":"(anonymous_24)","decl":{"start":{"line":76,"column":69},"end":{"line":76,"column":70}},"loc":{"start":{"line":76,"column":75},"end":{"line":78,"column":13}},"line":76},"25":{"name":"(anonymous_25)","decl":{"start":{"line":78,"column":21},"end":{"line":78,"column":22}},"loc":{"start":{"line":78,"column":30},"end":{"line":78,"column":63}},"line":78}},"branchMap":{"0":{"loc":{"start":{"line":2,"column":16},"end":{"line":10,"column":1}},"type":"binary-expr","locations":[{"start":{"line":2,"column":17},"end":{"line":2,"column":21}},{"start":{"line":2,"column":25},"end":{"line":2,"column":39}},{"start":{"line":2,"column":44},"end":{"line":10,"column":1}}],"line":2},"1":{"loc":{"start":{"line":3,"column":35},"end":{"line":3,"column":109}},"type":"cond-expr","locations":[{"start":{"line":3,"column":56},"end":{"line":3,"column":61}},{"start":{"line":3,"column":64},"end":{"line":3,"column":109}}],"line":3},"2":{"loc":{"start":{"line":4,"column":16},"end":{"line":4,"column":34}},"type":"binary-expr","locations":[{"start":{"line":4,"column":16},"end":{"line":4,"column":17}},{"start":{"line":4,"column":22},"end":{"line":4,"column":33}}],"line":4},"3":{"loc":{"start":{"line":7,"column":32},"end":{"line":7,"column":115}},"type":"cond-expr","locations":[{"start":{"line":7,"column":46},"end":{"line":7,"column":67}},{"start":{"line":7,"column":70},"end":{"line":7,"column":115}}],"line":7},"4":{"loc":{"start":{"line":8,"column":51},"end":{"line":8,"column":67}},"type":"binary-expr","locations":[{"start":{"line":8,"column":51},"end":{"line":8,"column":61}},{"start":{"line":8,"column":65},"end":{"line":8,"column":67}}],"line":8},"5":{"loc":{"start":{"line":24,"column":23},"end":{"line":24,"column":89}},"type":"cond-expr","locations":[{"start":{"line":24,"column":40},"end":{"line":24,"column":73}},{"start":{"line":24,"column":76},"end":{"line":24,"column":89}}],"line":24},"6":{"loc":{"start":{"line":37,"column":12},"end":{"line":38,"column":51}},"type":"if","locations":[{"start":{"line":37,"column":12},"end":{"line":38,"column":51}},{"start":{"line":37,"column":12},"end":{"line":38,"column":51}}],"line":37},"7":{"loc":{"start":{"line":51,"column":12},"end":{"line":52,"column":52}},"type":"if","locations":[{"start":{"line":51,"column":12},"end":{"line":52,"column":52}},{"start":{"line":51,"column":12},"end":{"line":52,"column":52}}],"line":51},"8":{"loc":{"start":{"line":59,"column":12},"end":{"line":60,"column":51}},"type":"if","locations":[{"start":{"line":59,"column":12},"end":{"line":60,"column":51}},{"start":{"line":59,"column":12},"end":{"line":60,"column":51}}],"line":59},"9":{"loc":{"start":{"line":65,"column":27},"end":{"line":65,"column":93}},"type":"cond-expr","locations":[{"start":{"line":65,"column":44},"end":{"line":65,"column":77}},{"start":{"line":65,"column":80},"end":{"line":65,"column":93}}],"line":65},"10":{"loc":{"start":{"line":74,"column":12},"end":{"line":75,"column":51}},"type":"if","locations":[{"start":{"line":74,"column":12},"end":{"line":75,"column":51}},{"start":{"line":74,"column":12},"end":{"line":75,"column":51}}],"line":74}},"s":{"0":1,"1":24,"2":0,"3":26,"4":24,"5":24,"6":8,"7":0,"8":0,"9":0,"10":42,"11":26,"12":1,"13":1,"14":1,"15":1,"16":2,"17":2,"18":2,"19":2,"20":2,"21":2,"22":2,"23":4,"24":4,"25":4,"26":2,"27":2,"28":4,"29":4,"30":4,"31":2,"32":2,"33":6,"34":6,"35":6,"36":2,"37":4,"38":2,"39":2,"40":2,"41":2,"42":6,"43":6,"44":6,"45":2,"46":4,"47":2,"48":2,"49":1},"f":{"0":26,"1":24,"2":0,"3":26,"4":24,"5":0,"6":42,"7":1,"8":2,"9":2,"10":2,"11":2,"12":2,"13":4,"14":4,"15":4,"16":4,"17":6,"18":6,"19":2,"20":2,"21":2,"22":6,"23":6,"24":2,"25":2},"b":{"0":[1,1,1],"1":[24,0],"2":[26,26],"3":[18,24],"4":[26,26],"5":[0,2],"6":[2,2],"7":[2,2],"8":[2,4],"9":[0,2],"10":[2,4]},"inputSourceMap":{"version":3,"file":"/home/airelribeiro/Desktop/portifolio/aplicacoes/testes-tecnicos/motrix-desafio/backend/src/services/Content.service.ts","sources":["/home/airelribeiro/Desktop/portifolio/aplicacoes/testes-tecnicos/motrix-desafio/backend/src/services/Content.service.ts"],"names":[],"mappings":";;;;;;;;;;;AAEA,yCAA+B;AAE/B,MAAM,cAAc;IAClB,YACU,YAAiC,EACjC,YAAiC;QADjC,iBAAY,GAAZ,YAAY,CAAqB;QACjC,iBAAY,GAAZ,YAAY,CAAqB;IACxC,CAAC;IAEE,MAAM,CAAC,OAAqB;;YAChC,MAAM,cAAc,GAAG,MAAM,IAAI,CAAC,YAAY,CAAC,MAAM,CAAC,OAAc,CAAC,CAAC;YACtE,OAAO,IAAI,CAAC,YAAY,CAAC,MAAM,CAAC;gBAC9B,UAAU,EAAE,cAAc,CAAC,EAAE;gBAC7B,MAAM,EAAE,cAAc,CAAC,MAAM;gBAC7B,KAAK,EAAE,CAAC,OAAO,CAAC,KAAK,CAAC,CAAC,CAAC,iCAAiC,CAAC,CAAC,CAAC,OAAO,CAAC,KAAK;aAC1E,CAAC,CAAC,IAAI,CAAC,GAAG,EAAE,CAAC,cAAc,CAAE,CAAC;QACjC,CAAC;KAAA;IAEK,OAAO;;YACX,MAAM,QAAQ,GAAG,MAAM,IAAI,CAAC,YAAY,CAAC,OAAO,EAAE,CAAC;YACnD,OAAO,QAAQ,CAAC;QAClB,CAAC;KAAA;IAEK,QAAQ,CAAC,EAAU;;YACvB,MAAM,OAAO,GAAG,MAAM,IAAI,CAAC,YAAY,CAAC,QAAQ,CAAC,EAAE,CAAC,CAAC;YAErD,IAAI,CAAC,OAAO;gBAAE,MAAM,IAAI,KAAK,CAAC,iBAAiB,CAAC,CAAC;YAEjD,OAAO,OAAO,CAAC;QACjB,CAAC;KAAA;IAEK,UAAU,CAAC,MAAc;;YAC7B,MAAM,QAAQ,GAAG,MAAM,IAAI,CAAC,YAAY,CAAC,OAAO,CAAC;gBAC/C,KAAK,EAAE;oBACL,MAAM,EAAE;wBACN,CAAC,cAAE,CAAC,IAAI,CAAC,EAAE,IAAI,MAAM,GAAG;qBACzB;iBACF;aACF,CAAC,CAAC;YACH,IAAG,CAAC,QAAQ,CAAC,MAAM;gBAAE,MAAM,IAAI,KAAK,CAAC,kBAAkB,CAAC,CAAC;YAEzD,OAAO,QAAQ,CAAC;QAClB,CAAC;KAAA;IAEK,MAAM,CAAC,EAAU,EAAE,OAAqB;;YAC5C,MAAM,WAAW,GAAG,MAAM,IAAI,CAAC,YAAY,CAAC,QAAQ,CAAC,EAAE,CAAC,CAAC;YACzD,IAAI,CAAC,WAAW;gBAAE,MAAM,IAAI,KAAK,CAAC,iBAAiB,CAAC,CAAC;YAErD,OAAO,IAAI,CAAC,YAAY,CAAC,MAAM,CAAC,OAAO,EAAE,EAAE,KAAK,EAAE,EAAE,EAAE,EAAE,EAAE,CAAC,CAAC,IAAI,CAAC,GAAS,EAAE;gBAC1E,IAAI,CAAC,YAAY,CAAC,MAAM,CAAC;oBACvB,UAAU,EAAE,EAAE;oBACd,MAAM,EAAE,OAAO,CAAC,MAAM;oBACtB,KAAK,EAAE,CAAC,OAAO,CAAC,KAAK,CAAC,CAAC,CAAC,iCAAiC,CAAC,CAAC,CAAC,OAAO,CAAC,KAAK;iBAC1E,CAAC,CAAC;gBACH,OAAO,EAAE,OAAO,EAAE,kCAAkC,EAAE,CAAA;YACxD,CAAC,CAAA,CAAC,CAAC,KAAK,CAAC,CAAC,GAAG,EAAE,EAAE,GAAE,MAAM,IAAI,KAAK,CAAC,GAAG,CAAC,OAAO,CAAC,CAAA,CAAA,CAAC,CAAC,CAAC;QACpD,CAAC;KAAA;IAEK,MAAM,CAAC,EAAU;;YACrB,MAAM,WAAW,GAAG,MAAM,IAAI,CAAC,YAAY,CAAC,QAAQ,CAAC,EAAE,CAAC,CAAC;YACzD,IAAI,CAAC,WAAW;gBAAE,MAAM,IAAI,KAAK,CAAC,iBAAiB,CAAC,CAAC;YACrD,OAAO,IAAI,CAAC,YAAY,CAAC,OAAO,CAAC,EAAE,KAAK,EAAE,EAAE,EAAE,EAAE,EAAE,CAAC,CAAC,IAAI,CAAC,GAAG,EAAE;gBAC5D,OAAO,EAAE,OAAO,EAAE,gCAAgC,EAAE,CAAA;YACtD,CAAC,CAAC,CAAC,KAAK,CAAC,CAAC,GAAG,EAAE,EAAE,GAAE,MAAM,IAAI,KAAK,CAAC,GAAG,CAAC,OAAO,CAAC,CAAA,CAAA,CAAC,CAAC,CAAC;QACpD,CAAC;KAAA;CACF;AAED,kBAAe,cAAc,CAAC","sourcesContent":["import ContentModel from '../database/models/Content';\nimport HistoryModel from '../database/models/History';\nimport { Op } from 'sequelize';\n\nclass ContentService {\n  constructor(\n    private contentModel: typeof ContentModel,\n    private historyModel: typeof HistoryModel\n  ) {}\n\n  async create(content: ContentModel): Promise<ContentModel> {\n    const createdContent = await this.contentModel.create(content as any);\n    return this.historyModel.create({\n      content_id: createdContent.id,\n      titulo: createdContent.titulo,\n      corpo: !content.corpo ? 'Campo deixado vazio pelo autor.' : content.corpo\n    }).then(() => createdContent );\n  }\n\n  async findAll(): Promise<ContentModel[]> {\n    const contents = await this.contentModel.findAll();\n    return contents;\n  }\n\n  async findByPk(id: number): Promise<ContentModel> {\n    const content = await this.contentModel.findByPk(id);\n\n    if (!content) throw new Error('contentNotFound');\n\n    return content;\n  }\n\n  async findByName(titulo: string): Promise<ContentModel[]> {\n    const contents = await this.contentModel.findAll({\n      where: {\n        titulo: {\n          [Op.like]: `%${titulo}%`\n        }\n      }\n    });\n    if(!contents.length) throw new Error('contentsNotFound');\n\n    return contents;\n  }\n\n  async update(id: number, content: ContentModel): Promise<object> {\n    const lastcontent = await this.contentModel.findByPk(id);\n    if (!lastcontent) throw new Error('contentNotFound');\n\n    return this.contentModel.update(content, { where: { id } }).then(async () => {\n      this.historyModel.create({\n        content_id: id,\n        titulo: content.titulo,\n        corpo: !content.corpo ? 'Campo deixado vazio pelo autor.' : content.corpo\n      });\n      return { message: 'Conteúdo atualizado com sucesso!' }\n    }).catch((err) => {throw new Error(err.message)});\n  }\n\n  async delete(id: number): Promise<object> {\n    const lastcontent = await this.contentModel.findByPk(id);\n    if (!lastcontent) throw new Error('contentNotFound');\n    return this.contentModel.destroy({ where: { id } }).then(() => {\n      return { message: 'Conteúdo excluído com sucesso!' }\n    }).catch((err) => {throw new Error(err.message)});\n  }\n}\n\nexport default ContentService;\n"]},"_coverageSchema":"1a1c01bbd47fc00a2c39e90264f33305004495a9","hash":"392e0bd81984f3326ba331358754984e05ea160d","contentHash":"548642dca9f32f6b92f43d3818bc4f1d60d52efe09858f238dc2040f82a8c22a"},"/home/airelribeiro/Desktop/portifolio/aplicacoes/testes-tecnicos/motrix-desafio/backend/src/services/History.service.ts":{"path":"/home/airelribeiro/Desktop/portifolio/aplicacoes/testes-tecnicos/motrix-desafio/backend/src/services/History.service.ts","statementMap":{"0":{"start":{"line":2,"column":16},"end":{"line":10,"column":1}},"1":{"start":{"line":3,"column":28},"end":{"line":3,"column":110}},"2":{"start":{"line":3,"column":91},"end":{"line":3,"column":106}},"3":{"start":{"line":4,"column":4},"end":{"line":9,"column":7}},"4":{"start":{"line":5,"column":36},"end":{"line":5,"column":97}},"5":{"start":{"line":5,"column":42},"end":{"line":5,"column":70}},"6":{"start":{"line":5,"column":85},"end":{"line":5,"column":95}},"7":{"start":{"line":6,"column":35},"end":{"line":6,"column":100}},"8":{"start":{"line":6,"column":41},"end":{"line":6,"column":73}},"9":{"start":{"line":6,"column":88},"end":{"line":6,"column":98}},"10":{"start":{"line":7,"column":32},"end":{"line":7,"column":116}},"11":{"start":{"line":8,"column":8},"end":{"line":8,"column":78}},"12":{"start":{"line":11,"column":0},"end":{"line":11,"column":62}},"13":{"start":{"line":14,"column":8},"end":{"line":14,"column":41}},"14":{"start":{"line":17,"column":8},"end":{"line":25,"column":11}},"15":{"start":{"line":18,"column":28},"end":{"line":23,"column":14}},"16":{"start":{"line":24,"column":12},"end":{"line":24,"column":27}},"17":{"start":{"line":28,"column":0},"end":{"line":28,"column":33}}},"fnMap":{"0":{"name":"(anonymous_0)","decl":{"start":{"line":2,"column":44},"end":{"line":2,"column":45}},"loc":{"start":{"line":2,"column":89},"end":{"line":10,"column":1}},"line":2},"1":{"name":"adopt","decl":{"start":{"line":3,"column":13},"end":{"line":3,"column":18}},"loc":{"start":{"line":3,"column":26},"end":{"line":3,"column":112}},"line":3},"2":{"name":"(anonymous_2)","decl":{"start":{"line":3,"column":70},"end":{"line":3,"column":71}},"loc":{"start":{"line":3,"column":89},"end":{"line":3,"column":108}},"line":3},"3":{"name":"(anonymous_3)","decl":{"start":{"line":4,"column":36},"end":{"line":4,"column":37}},"loc":{"start":{"line":4,"column":63},"end":{"line":9,"column":5}},"line":4},"4":{"name":"fulfilled","decl":{"start":{"line":5,"column":17},"end":{"line":5,"column":26}},"loc":{"start":{"line":5,"column":34},"end":{"line":5,"column":99}},"line":5},"5":{"name":"rejected","decl":{"start":{"line":6,"column":17},"end":{"line":6,"column":25}},"loc":{"start":{"line":6,"column":33},"end":{"line":6,"column":102}},"line":6},"6":{"name":"step","decl":{"start":{"line":7,"column":17},"end":{"line":7,"column":21}},"loc":{"start":{"line":7,"column":30},"end":{"line":7,"column":118}},"line":7},"7":{"name":"(anonymous_7)","decl":{"start":{"line":13,"column":4},"end":{"line":13,"column":5}},"loc":{"start":{"line":13,"column":30},"end":{"line":15,"column":5}},"line":13},"8":{"name":"(anonymous_8)","decl":{"start":{"line":16,"column":4},"end":{"line":16,"column":5}},"loc":{"start":{"line":16,"column":24},"end":{"line":26,"column":5}},"line":16},"9":{"name":"(anonymous_9)","decl":{"start":{"line":17,"column":47},"end":{"line":17,"column":48}},"loc":{"start":{"line":17,"column":60},"end":{"line":25,"column":9}},"line":17}},"branchMap":{"0":{"loc":{"start":{"line":2,"column":16},"end":{"line":10,"column":1}},"type":"binary-expr","locations":[{"start":{"line":2,"column":17},"end":{"line":2,"column":21}},{"start":{"line":2,"column":25},"end":{"line":2,"column":39}},{"start":{"line":2,"column":44},"end":{"line":10,"column":1}}],"line":2},"1":{"loc":{"start":{"line":3,"column":35},"end":{"line":3,"column":109}},"type":"cond-expr","locations":[{"start":{"line":3,"column":56},"end":{"line":3,"column":61}},{"start":{"line":3,"column":64},"end":{"line":3,"column":109}}],"line":3},"2":{"loc":{"start":{"line":4,"column":16},"end":{"line":4,"column":34}},"type":"binary-expr","locations":[{"start":{"line":4,"column":16},"end":{"line":4,"column":17}},{"start":{"line":4,"column":22},"end":{"line":4,"column":33}}],"line":4},"3":{"loc":{"start":{"line":7,"column":32},"end":{"line":7,"column":115}},"type":"cond-expr","locations":[{"start":{"line":7,"column":46},"end":{"line":7,"column":67}},{"start":{"line":7,"column":70},"end":{"line":7,"column":115}}],"line":7},"4":{"loc":{"start":{"line":8,"column":51},"end":{"line":8,"column":67}},"type":"binary-expr","locations":[{"start":{"line":8,"column":51},"end":{"line":8,"column":61}},{"start":{"line":8,"column":65},"end":{"line":8,"column":67}}],"line":8}},"s":{"0":1,"1":2,"2":0,"3":2,"4":2,"5":2,"6":0,"7":0,"8":0,"9":0,"10":4,"11":2,"12":1,"13":1,"14":2,"15":2,"16":2,"17":1},"f":{"0":2,"1":2,"2":0,"3":2,"4":2,"5":0,"6":4,"7":1,"8":2,"9":2},"b":{"0":[1,1,1],"1":[2,0],"2":[2,2],"3":[2,2],"4":[2,2]},"inputSourceMap":{"version":3,"file":"/home/airelribeiro/Desktop/portifolio/aplicacoes/testes-tecnicos/motrix-desafio/backend/src/services/History.service.ts","sources":["/home/airelribeiro/Desktop/portifolio/aplicacoes/testes-tecnicos/motrix-desafio/backend/src/services/History.service.ts"],"names":[],"mappings":";;;;;;;;;;;AAEA,MAAM,cAAc;IAClB,YACU,YAAiC;QAAjC,iBAAY,GAAZ,YAAY,CAAqB;IACxC,CAAC;IAEE,eAAe,CAAC,EAAU;;YAC9B,MAAM,OAAO,GAAG,MAAM,IAAI,CAAC,YAAY,CAAC,OAAO,CAAC;gBAC9C,KAAK,EAAE,EAAE,UAAU,EAAE,EAAE,EAAE;gBACzB,KAAK,EAAE;oBACL,CAAC,YAAY,EAAE,KAAK,CAAC;iBACtB;aACF,CAAC,CAAC;YACH,OAAO,OAAO,CAAC;QACjB,CAAC;KAAA;CAGF;AAED,kBAAe,cAAc,CAAC","sourcesContent":["import HistoryModel from '../database/models/History';\n\nclass HistoryService {\n  constructor(\n    private historyModel: typeof HistoryModel\n  ) {}\n  \n  async findHistoryById(id: number): Promise<HistoryModel[]> {\n    const history = await this.historyModel.findAll({\n      where: { content_id: id },\n      order: [\n        ['created_at', 'ASC'],\n      ]       \n    });\n    return history;\n  }\n\n  \n}\n\nexport default HistoryService;"]},"_coverageSchema":"1a1c01bbd47fc00a2c39e90264f33305004495a9","hash":"516343db32ccb6295e41000c1dc33662ff0d7358","contentHash":"3e2c3c1d304965d26162cfc67f8ff9a82638457b26f6f41e2a5be3289db6ddfd"},"/home/airelribeiro/Desktop/portifolio/aplicacoes/testes-tecnicos/motrix-desafio/backend/src/controllers/Content.controller.ts":{"path":"/home/airelribeiro/Desktop/portifolio/aplicacoes/testes-tecnicos/motrix-desafio/backend/src/controllers/Content.controller.ts","statementMap":{"0":{"start":{"line":2,"column":16},"end":{"line":10,"column":1}},"1":{"start":{"line":3,"column":28},"end":{"line":3,"column":110}},"2":{"start":{"line":3,"column":91},"end":{"line":3,"column":106}},"3":{"start":{"line":4,"column":4},"end":{"line":9,"column":7}},"4":{"start":{"line":5,"column":36},"end":{"line":5,"column":97}},"5":{"start":{"line":5,"column":42},"end":{"line":5,"column":70}},"6":{"start":{"line":5,"column":85},"end":{"line":5,"column":95}},"7":{"start":{"line":6,"column":35},"end":{"line":6,"column":100}},"8":{"start":{"line":6,"column":41},"end":{"line":6,"column":73}},"9":{"start":{"line":6,"column":88},"end":{"line":6,"column":98}},"10":{"start":{"line":7,"column":32},"end":{"line":7,"column":116}},"11":{"start":{"line":8,"column":8},"end":{"line":8,"column":78}},"12":{"start":{"line":11,"column":0},"end":{"line":11,"column":62}},"13":{"start":{"line":14,"column":8},"end":{"line":14,"column":45}},"14":{"start":{"line":15,"column":8},"end":{"line":15,"column":45}},"15":{"start":{"line":18,"column":8},"end":{"line":21,"column":11}},"16":{"start":{"line":19,"column":29},"end":{"line":19,"column":64}},"17":{"start":{"line":20,"column":12},"end":{"line":20,"column":50}},"18":{"start":{"line":24,"column":8},"end":{"line":34,"column":11}},"19":{"start":{"line":25,"column":12},"end":{"line":33,"column":13}},"20":{"start":{"line":26,"column":31},"end":{"line":26,"column":41}},"21":{"start":{"line":27,"column":32},"end":{"line":27,"column":78}},"22":{"start":{"line":28,"column":32},"end":{"line":28,"column":85}},"23":{"start":{"line":29,"column":16},"end":{"line":29,"column":66}},"24":{"start":{"line":32,"column":16},"end":{"line":32,"column":33}},"25":{"start":{"line":37,"column":8},"end":{"line":46,"column":11}},"26":{"start":{"line":38,"column":12},"end":{"line":45,"column":13}},"27":{"start":{"line":39,"column":34},"end":{"line":39,"column":43}},"28":{"start":{"line":40,"column":33},"end":{"line":40,"column":76}},"29":{"start":{"line":41,"column":16},"end":{"line":41,"column":54}},"30":{"start":{"line":44,"column":16},"end":{"line":44,"column":33}},"31":{"start":{"line":49,"column":8},"end":{"line":52,"column":11}},"32":{"start":{"line":50,"column":28},"end":{"line":50,"column":70}},"33":{"start":{"line":51,"column":12},"end":{"line":51,"column":49}},"34":{"start":{"line":55,"column":8},"end":{"line":64,"column":11}},"35":{"start":{"line":56,"column":12},"end":{"line":63,"column":13}},"36":{"start":{"line":57,"column":31},"end":{"line":57,"column":41}},"37":{"start":{"line":58,"column":32},"end":{"line":58,"column":86}},"38":{"start":{"line":59,"column":16},"end":{"line":59,"column":53}},"39":{"start":{"line":62,"column":16},"end":{"line":62,"column":33}},"40":{"start":{"line":67,"column":8},"end":{"line":76,"column":11}},"41":{"start":{"line":68,"column":12},"end":{"line":75,"column":13}},"42":{"start":{"line":69,"column":31},"end":{"line":69,"column":41}},"43":{"start":{"line":70,"column":32},"end":{"line":70,"column":76}},"44":{"start":{"line":71,"column":16},"end":{"line":71,"column":53}},"45":{"start":{"line":74,"column":16},"end":{"line":74,"column":33}},"46":{"start":{"line":79,"column":0},"end":{"line":79,"column":36}}},"fnMap":{"0":{"name":"(anonymous_0)","decl":{"start":{"line":2,"column":44},"end":{"line":2,"column":45}},"loc":{"start":{"line":2,"column":89},"end":{"line":10,"column":1}},"line":2},"1":{"name":"adopt","decl":{"start":{"line":3,"column":13},"end":{"line":3,"column":18}},"loc":{"start":{"line":3,"column":26},"end":{"line":3,"column":112}},"line":3},"2":{"name":"(anonymous_2)","decl":{"start":{"line":3,"column":70},"end":{"line":3,"column":71}},"loc":{"start":{"line":3,"column":89},"end":{"line":3,"column":108}},"line":3},"3":{"name":"(anonymous_3)","decl":{"start":{"line":4,"column":36},"end":{"line":4,"column":37}},"loc":{"start":{"line":4,"column":63},"end":{"line":9,"column":5}},"line":4},"4":{"name":"fulfilled","decl":{"start":{"line":5,"column":17},"end":{"line":5,"column":26}},"loc":{"start":{"line":5,"column":34},"end":{"line":5,"column":99}},"line":5},"5":{"name":"rejected","decl":{"start":{"line":6,"column":17},"end":{"line":6,"column":25}},"loc":{"start":{"line":6,"column":33},"end":{"line":6,"column":102}},"line":6},"6":{"name":"step","decl":{"start":{"line":7,"column":17},"end":{"line":7,"column":21}},"loc":{"start":{"line":7,"column":30},"end":{"line":7,"column":118}},"line":7},"7":{"name":"(anonymous_7)","decl":{"start":{"line":13,"column":4},"end":{"line":13,"column":5}},"loc":{"start":{"line":13,"column":48},"end":{"line":16,"column":5}},"line":13},"8":{"name":"(anonymous_8)","decl":{"start":{"line":17,"column":4},"end":{"line":17,"column":5}},"loc":{"start":{"line":17,"column":23},"end":{"line":22,"column":5}},"line":17},"9":{"name":"(anonymous_9)","decl":{"start":{"line":18,"column":47},"end":{"line":18,"column":48}},"loc":{"start":{"line":18,"column":60},"end":{"line":21,"column":9}},"line":18},"10":{"name":"(anonymous_10)","decl":{"start":{"line":23,"column":4},"end":{"line":23,"column":5}},"loc":{"start":{"line":23,"column":32},"end":{"line":35,"column":5}},"line":23},"11":{"name":"(anonymous_11)","decl":{"start":{"line":24,"column":47},"end":{"line":24,"column":48}},"loc":{"start":{"line":24,"column":60},"end":{"line":34,"column":9}},"line":24},"12":{"name":"(anonymous_12)","decl":{"start":{"line":36,"column":4},"end":{"line":36,"column":5}},"loc":{"start":{"line":36,"column":32},"end":{"line":47,"column":5}},"line":36},"13":{"name":"(anonymous_13)","decl":{"start":{"line":37,"column":47},"end":{"line":37,"column":48}},"loc":{"start":{"line":37,"column":60},"end":{"line":46,"column":9}},"line":37},"14":{"name":"(anonymous_14)","decl":{"start":{"line":48,"column":4},"end":{"line":48,"column":5}},"loc":{"start":{"line":48,"column":21},"end":{"line":53,"column":5}},"line":48},"15":{"name":"(anonymous_15)","decl":{"start":{"line":49,"column":47},"end":{"line":49,"column":48}},"loc":{"start":{"line":49,"column":60},"end":{"line":52,"column":9}},"line":49},"16":{"name":"(anonymous_16)","decl":{"start":{"line":54,"column":4},"end":{"line":54,"column":5}},"loc":{"start":{"line":54,"column":27},"end":{"line":65,"column":5}},"line":54},"17":{"name":"(anonymous_17)","decl":{"start":{"line":55,"column":47},"end":{"line":55,"column":48}},"loc":{"start":{"line":55,"column":60},"end":{"line":64,"column":9}},"line":55},"18":{"name":"(anonymous_18)","decl":{"start":{"line":66,"column":4},"end":{"line":66,"column":5}},"loc":{"start":{"line":66,"column":27},"end":{"line":77,"column":5}},"line":66},"19":{"name":"(anonymous_19)","decl":{"start":{"line":67,"column":47},"end":{"line":67,"column":48}},"loc":{"start":{"line":67,"column":60},"end":{"line":76,"column":9}},"line":67}},"branchMap":{"0":{"loc":{"start":{"line":2,"column":16},"end":{"line":10,"column":1}},"type":"binary-expr","locations":[{"start":{"line":2,"column":17},"end":{"line":2,"column":21}},{"start":{"line":2,"column":25},"end":{"line":2,"column":39}},{"start":{"line":2,"column":44},"end":{"line":10,"column":1}}],"line":2},"1":{"loc":{"start":{"line":3,"column":35},"end":{"line":3,"column":109}},"type":"cond-expr","locations":[{"start":{"line":3,"column":56},"end":{"line":3,"column":61}},{"start":{"line":3,"column":64},"end":{"line":3,"column":109}}],"line":3},"2":{"loc":{"start":{"line":4,"column":16},"end":{"line":4,"column":34}},"type":"binary-expr","locations":[{"start":{"line":4,"column":16},"end":{"line":4,"column":17}},{"start":{"line":4,"column":22},"end":{"line":4,"column":33}}],"line":4},"3":{"loc":{"start":{"line":7,"column":32},"end":{"line":7,"column":115}},"type":"cond-expr","locations":[{"start":{"line":7,"column":46},"end":{"line":7,"column":67}},{"start":{"line":7,"column":70},"end":{"line":7,"column":115}}],"line":7},"4":{"loc":{"start":{"line":8,"column":51},"end":{"line":8,"column":67}},"type":"binary-expr","locations":[{"start":{"line":8,"column":51},"end":{"line":8,"column":61}},{"start":{"line":8,"column":65},"end":{"line":8,"column":67}}],"line":8}},"s":{"0":1,"1":26,"2":0,"3":24,"4":14,"5":14,"6":0,"7":12,"8":12,"9":0,"10":50,"11":24,"12":1,"13":1,"14":1,"15":2,"16":2,"17":2,"18":4,"19":4,"20":4,"21":4,"22":2,"23":2,"24":2,"25":4,"26":4,"27":4,"28":4,"29":2,"30":2,"31":2,"32":2,"33":2,"34":6,"35":6,"36":6,"37":6,"38":2,"39":4,"40":6,"41":6,"42":6,"43":6,"44":2,"45":4,"46":1},"f":{"0":24,"1":26,"2":0,"3":24,"4":14,"5":12,"6":50,"7":1,"8":2,"9":2,"10":4,"11":4,"12":4,"13":4,"14":2,"15":2,"16":6,"17":6,"18":6,"19":6},"b":{"0":[1,1,1],"1":[26,0],"2":[24,24],"3":[24,26],"4":[24,24]},"inputSourceMap":{"version":3,"file":"/home/airelribeiro/Desktop/portifolio/aplicacoes/testes-tecnicos/motrix-desafio/backend/src/controllers/Content.controller.ts","sources":["/home/airelribeiro/Desktop/portifolio/aplicacoes/testes-tecnicos/motrix-desafio/backend/src/controllers/Content.controller.ts"],"names":[],"mappings":";;;;;;;;;;;AAIA,MAAM,iBAAiB;IACrB,YACU,cAA8B,EAC9B,cAA8B;QAD9B,mBAAc,GAAd,cAAc,CAAgB;QAC9B,mBAAc,GAAd,cAAc,CAAgB;IACrC,CAAC;IAEE,OAAO,CAAC,IAAa,EAAE,GAAa;;YACxC,MAAM,QAAQ,GAAG,MAAM,IAAI,CAAC,cAAc,CAAC,OAAO,EAAE,CAAC;YACrD,OAAO,GAAG,CAAC,MAAM,CAAC,GAAG,CAAC,CAAC,IAAI,CAAC,QAAQ,CAAC,CAAC;QACxC,CAAC;KAAA;IAEK,WAAW,CAAC,GAAY,EAAE,GAAa,EAAE,IAAkB;;YAC/D,IAAI;gBACF,MAAM,EAAE,EAAE,EAAE,GAAG,GAAG,CAAC,MAAM,CAAC;gBAC1B,MAAM,OAAO,GAAG,MAAM,IAAI,CAAC,cAAc,CAAC,QAAQ,CAAC,MAAM,CAAC,EAAE,CAAC,CAAC,CAAC;gBAC/D,MAAM,OAAO,GAAG,MAAM,IAAI,CAAC,cAAc,CAAC,eAAe,CAAC,MAAM,CAAC,EAAE,CAAC,CAAC,CAAC;gBACtE,OAAO,GAAG,CAAC,MAAM,CAAC,GAAG,CAAC,CAAC,IAAI,CAAC,EAAE,OAAO,EAAE,OAAO,EAAE,CAAC,CAAC;aACnD;YAAC,OAAM,GAAG,EAAE;gBACX,OAAO,IAAI,CAAC,GAAG,CAAC,CAAC;aAClB;QACH,CAAC;KAAA;IAEK,WAAW,CAAC,GAAY,EAAE,GAAa,EAAE,IAAkB;;YAC/D,IAAI;gBACF,MAAM,EAAE,KAAK,EAAE,GAAG,GAAG,CAAC,KAAK,CAAC;gBAC5B,MAAM,QAAQ,GAAG,MAAM,IAAI,CAAC,cAAc,CAAC,UAAU,CAAC,KAAe,CAAC,CAAC;gBACvE,OAAO,GAAG,CAAC,MAAM,CAAC,GAAG,CAAC,CAAC,IAAI,CAAC,QAAQ,CAAC,CAAC;aACvC;YAAC,OAAM,GAAG,EAAE;gBACX,OAAO,IAAI,CAAC,GAAG,CAAC,CAAC;aAClB;QACH,CAAC;KAAA;IAEK,MAAM,CAAC,GAAY,EAAE,GAAa;;YACtC,MAAM,OAAO,GAAG,MAAM,IAAI,CAAC,cAAc,CAAC,MAAM,CAAC,GAAG,CAAC,IAAI,CAAC,CAAC;YAC3D,OAAO,GAAG,CAAC,MAAM,CAAC,GAAG,CAAC,CAAC,IAAI,CAAC,OAAO,CAAC,CAAC;QACvC,CAAC;KAAA;IAEK,MAAM,CAAC,GAAY,EAAE,GAAa,EAAE,IAAkB;;YAC1D,IAAI;gBACJ,MAAM,EAAE,EAAE,EAAE,GAAG,GAAG,CAAC,MAAM,CAAC;gBAC1B,MAAM,OAAO,GAAG,MAAM,IAAI,CAAC,cAAc,CAAC,MAAM,CAAC,MAAM,CAAC,EAAE,CAAC,EAAE,GAAG,CAAC,IAAI,CAAC,CAAC;gBACvE,OAAO,GAAG,CAAC,MAAM,CAAC,GAAG,CAAC,CAAC,IAAI,CAAC,OAAO,CAAC,CAAC;aACpC;YAAC,OAAM,GAAG,EAAE;gBACb,OAAO,IAAI,CAAC,GAAG,CAAC,CAAC;aAChB;QACH,CAAC;KAAA;IAEK,MAAM,CAAC,GAAY,EAAE,GAAa,EAAE,IAAkB;;YAC1D,IAAI;gBACF,MAAM,EAAE,EAAE,EAAE,GAAG,GAAG,CAAC,MAAM,CAAC;gBAC1B,MAAM,OAAO,GAAG,MAAM,IAAI,CAAC,cAAc,CAAC,MAAM,CAAC,MAAM,CAAC,EAAE,CAAC,CAAC,CAAC;gBAC7D,OAAO,GAAG,CAAC,MAAM,CAAC,GAAG,CAAC,CAAC,IAAI,CAAC,OAAO,CAAC,CAAC;aACtC;YAAC,OAAM,GAAG,EAAE;gBACX,OAAO,IAAI,CAAC,GAAG,CAAC,CAAA;aACjB;QACH,CAAC;KAAA;CACF;AAED,kBAAe,iBAAiB,CAAC","sourcesContent":["import { NextFunction, Request, Response } from 'express';\nimport ContentService from '../services/Content.service';\nimport HistoryService from '../services/History.service';\n\nclass ContentController {\n  constructor(\n    private contentService: ContentService,\n    private historyService: HistoryService\n  ) {}\n\n  async findAll(_req: Request, res: Response): Promise<Response> {\n    const contents = await this.contentService.findAll();\n    return res.status(200).json(contents);\n  }\n\n  async findHistory(req: Request, res: Response, next: NextFunction): Promise<Response | void> {\n    try {\n      const { id } = req.params;\n      const content = await this.contentService.findByPk(Number(id));\n      const history = await this.historyService.findHistoryById(Number(id));\n      return res.status(200).json({ content, history });\n    } catch(err) {\n      return next(err);\n    }\n  }\n\n  async findByTitle(req: Request, res: Response, next: NextFunction): Promise<Response | void>{\n    try {\n      const { title } = req.query;\n      const contents = await this.contentService.findByName(title as string);\n      return res.status(200).json(contents);\n    } catch(err) {\n      return next(err);\n    }\n  }\n\n  async create(req: Request, res: Response): Promise<Response> {\n    const content = await this.contentService.create(req.body);\n    return res.status(201).json(content);\n  }\n\n  async update(req: Request, res: Response, next: NextFunction): Promise<Response | void> {\n    try {\n    const { id } = req.params;\n    const message = await this.contentService.update(Number(id), req.body);\n    return res.status(200).json(message);\n    } catch(err) {\n    return next(err);\n    }\n  }\n\n  async delete(req: Request, res: Response, next: NextFunction): Promise<Response| void> {\n    try {\n      const { id } = req.params;\n      const message = await this.contentService.delete(Number(id));\n      return res.status(200).json(message);\n    } catch(err) {\n      return next(err)\n    }\n  }\n}\n\nexport default ContentController;\n"]},"_coverageSchema":"1a1c01bbd47fc00a2c39e90264f33305004495a9","hash":"ba4d0eedbfc15dfac36bcc4ec295a86e1a4bd378","contentHash":"e1cc3675915ced4e186009546548aaaf70e4a609ffd8bbace9aedabb79f0643d"},"/home/airelribeiro/Desktop/portifolio/aplicacoes/testes-tecnicos/motrix-desafio/backend/src/middlewares/validateContent.ts":{"path":"/home/airelribeiro/Desktop/portifolio/aplicacoes/testes-tecnicos/motrix-desafio/backend/src/middlewares/validateContent.ts","statementMap":{"0":{"start":{"line":2,"column":0},"end":{"line":2,"column":62}},"1":{"start":{"line":4,"column":21},"end":{"line":4,"column":24}},"2":{"start":{"line":5,"column":4},"end":{"line":6,"column":41}},"3":{"start":{"line":6,"column":8},"end":{"line":6,"column":41}},"4":{"start":{"line":7,"column":4},"end":{"line":7,"column":11}},"5":{"start":{"line":9,"column":0},"end":{"line":9,"column":36}}},"fnMap":{"0":{"name":"contentVAlidation","decl":{"start":{"line":3,"column":9},"end":{"line":3,"column":26}},"loc":{"start":{"line":3,"column":43},"end":{"line":8,"column":1}},"line":3}},"branchMap":{"0":{"loc":{"start":{"line":5,"column":4},"end":{"line":6,"column":41}},"type":"if","locations":[{"start":{"line":5,"column":4},"end":{"line":6,"column":41}},{"start":{"line":5,"column":4},"end":{"line":6,"column":41}}],"line":5},"1":{"loc":{"start":{"line":5,"column":8},"end":{"line":5,"column":46}},"type":"binary-expr","locations":[{"start":{"line":5,"column":8},"end":{"line":5,"column":20}},{"start":{"line":5,"column":24},"end":{"line":5,"column":46}}],"line":5}},"s":{"0":1,"1":10,"2":10,"3":2,"4":8,"5":1},"f":{"0":10},"b":{"0":[2,8],"1":[10,8]},"inputSourceMap":{"version":3,"file":"/home/airelribeiro/Desktop/portifolio/aplicacoes/testes-tecnicos/motrix-desafio/backend/src/middlewares/validateContent.ts","sources":["/home/airelribeiro/Desktop/portifolio/aplicacoes/testes-tecnicos/motrix-desafio/backend/src/middlewares/validateContent.ts"],"names":[],"mappings":";;AAEA,SAAwB,iBAAiB,CAAC,GAAY,EAAE,GAAa,EAAE,IAAkB;IACvF,MAAM,EAAE,IAAI,EAAE,GAAG,GAAG,CAAC;IACrB,IAAI,CAAC,IAAI,CAAC,MAAM,IAAI,IAAI,CAAC,MAAM,CAAC,MAAM,GAAG,CAAC;QAAE,MAAM,IAAI,KAAK,CAAC,eAAe,CAAC,CAAC;IAC7E,IAAI,EAAE,CAAC;AACT,CAAC;AAJD,oCAIC","sourcesContent":["import { NextFunction, Request, Response } from 'express';\n\nexport default function contentVAlidation(req: Request, res: Response, next: NextFunction) {\n  const { body } = req;\n  if (!body.titulo || body.titulo.length < 5) throw new Error('invalidFields');\n  next();\n}"]},"_coverageSchema":"1a1c01bbd47fc00a2c39e90264f33305004495a9","hash":"34a313406f408f7f26060ff9ca1411862e189b15","contentHash":"0cd8a5883a7f0ca361f4c28b4253bb1e5c7788b5414a32a68a82cf58c323ac60"},"/home/airelribeiro/Desktop/portifolio/aplicacoes/testes-tecnicos/motrix-desafio/backend/src/middlewares/errorMiddleware.ts":{"path":"/home/airelribeiro/Desktop/portifolio/aplicacoes/testes-tecnicos/motrix-desafio/backend/src/middlewares/errorMiddleware.ts","statementMap":{"0":{"start":{"line":2,"column":0},"end":{"line":2,"column":62}},"1":{"start":{"line":3,"column":26},"end":{"line":7,"column":1}},"2":{"start":{"line":9,"column":24},"end":{"line":9,"column":29}},"3":{"start":{"line":10,"column":4},"end":{"line":13,"column":5}},"4":{"start":{"line":11,"column":26},"end":{"line":11,"column":52}},"5":{"start":{"line":12,"column":8},"end":{"line":12,"column":79}},"6":{"start":{"line":14,"column":4},"end":{"line":14,"column":45}},"7":{"start":{"line":16,"column":0},"end":{"line":16,"column":34}}},"fnMap":{"0":{"name":"errorMiddleware","decl":{"start":{"line":8,"column":9},"end":{"line":8,"column":24}},"loc":{"start":{"line":8,"column":50},"end":{"line":15,"column":1}},"line":8}},"branchMap":{"0":{"loc":{"start":{"line":10,"column":4},"end":{"line":13,"column":5}},"type":"if","locations":[{"start":{"line":10,"column":4},"end":{"line":13,"column":5}},{"start":{"line":10,"column":4},"end":{"line":13,"column":5}}],"line":10}},"s":{"0":1,"1":1,"2":14,"3":14,"4":10,"5":10,"6":4,"7":1},"f":{"0":14},"b":{"0":[10,4]},"inputSourceMap":{"version":3,"file":"/home/airelribeiro/Desktop/portifolio/aplicacoes/testes-tecnicos/motrix-desafio/backend/src/middlewares/errorMiddleware.ts","sources":["/home/airelribeiro/Desktop/portifolio/aplicacoes/testes-tecnicos/motrix-desafio/backend/src/middlewares/errorMiddleware.ts"],"names":[],"mappings":";;AAMA,MAAM,iBAAiB,GAAmB;IACxC,eAAe,EAAE,EAAE,OAAO,EAAE,yCAAyC,EAAE,IAAI,EAAE,GAAG,EAAE;IAClF,aAAa,EAAE,EAAE,OAAO,EAAE,6DAA6D,EAAE,IAAI,EAAE,GAAG,EAAE;IACpG,gBAAgB,EAAE,EAAE,OAAO,EAAE,wCAAwC,EAAE,IAAI,EAAE,GAAG,EAAE;CACnF,CAAC;AAEF,SAAwB,eAAe,CACrC,KAAY,EACZ,IAAa,EACb,GAAa,EACb,KAAmB;IAEnB,MAAM,EAAE,OAAO,EAAE,GAAG,KAAK,CAAC;IAC1B,IAAG,iBAAiB,CAAC,OAAO,CAAC,EAAE;QAC7B,MAAM,SAAS,GAAG,iBAAiB,CAAC,OAAO,CAAC,CAAC;QAC7C,OAAO,GAAG,CAAC,MAAM,CAAC,SAAS,CAAC,IAAI,CAAC,CAAC,IAAI,CAAC,EAAE,OAAO,EAAE,SAAS,CAAC,OAAO,EAAE,CAAC,CAAC;KACxE;IACD,OAAO,GAAG,CAAC,MAAM,CAAC,GAAG,CAAC,CAAC,IAAI,CAAC,EAAE,OAAO,EAAE,CAAC,CAAC;AAC3C,CAAC;AAZD,kCAYC","sourcesContent":["import { NextFunction, Request, Response } from 'express';\n\ntype errInformation = {\n  [key: string]: { message: string, code: number }\n};\n\nconst errorsInformation: errInformation = {\n  contentNotFound: { message: 'O conteúdo com o Id buscado não existe!', code: 404 },\n  invalidFields: { message: 'O título é obrigatório e deve possuir mais de 4 caracteres!', code: 400 },\n  contentsNotFound: { message: 'Não existem conteúdos com esse título!', code: 404 },\n};\n\nexport default function errorMiddleware(\n  error: Error,\n  _req: Request,\n  res: Response,\n  _next: NextFunction\n) {\n  const { message } = error;\n  if(errorsInformation[message]) {\n    const errorType = errorsInformation[message];\n    return res.status(errorType.code).json({ message: errorType.message });\n  }\n  return res.status(500).json({ message });\n}\n"]},"_coverageSchema":"1a1c01bbd47fc00a2c39e90264f33305004495a9","hash":"0e2bd62a8cd447d796497b1d356afa4cc14005d8","contentHash":"a8b983ed8924067d0175ec8d78d47e23f1d27f352c5c71ee8ed01f649bc5f108"},"/home/airelribeiro/Desktop/portifolio/aplicacoes/testes-tecnicos/motrix-desafio/backend/src/tests/mocks/Content.mock.ts":{"path":"/home/airelribeiro/Desktop/portifolio/aplicacoes/testes-tecnicos/motrix-desafio/backend/src/tests/mocks/Content.mock.ts","statementMap":{"0":{"start":{"line":2,"column":0},"end":{"line":2,"column":62}},"1":{"start":{"line":3,"column":0},"end":{"line":3,"column":222}},"2":{"start":{"line":4,"column":0},"end":{"line":12,"column":2}},"3":{"start":{"line":13,"column":0},"end":{"line":16,"column":2}},"4":{"start":{"line":17,"column":0},"end":{"line":20,"column":2}},"5":{"start":{"line":21,"column":0},"end":{"line":96,"column":2}},"6":{"start":{"line":97,"column":0},"end":{"line":126,"column":2}},"7":{"start":{"line":127,"column":0},"end":{"line":130,"column":2}},"8":{"start":{"line":131,"column":0},"end":{"line":131,"column":73}},"9":{"start":{"line":132,"column":0},"end":{"line":132,"column":71}}},"fnMap":{},"branchMap":{},"s":{"0":1,"1":1,"2":1,"3":1,"4":1,"5":1,"6":1,"7":1,"8":1,"9":1},"f":{},"b":{},"inputSourceMap":{"version":3,"file":"/home/airelribeiro/Desktop/portifolio/aplicacoes/testes-tecnicos/motrix-desafio/backend/src/tests/mocks/Content.mock.ts","sources":["/home/airelribeiro/Desktop/portifolio/aplicacoes/testes-tecnicos/motrix-desafio/backend/src/tests/mocks/Content.mock.ts"],"names":[],"mappings":";;;AAAa,QAAA,aAAa,GAAG;IAC3B,EAAE,EAAE,CAAC;IACL,MAAM,EAAE,qDAAqD;IAC7D,KAAK,EAAE;;4LAEmL;IAC1L,UAAU,EAAE,0BAA0B;IACtC,UAAU,EAAE,0BAA0B;CACvC,CAAA;AAEY,QAAA,gBAAgB,GAAG;IAC9B,MAAM,EAAE,6EAA6E;IACrF,KAAK,EAAE,8RAA8R;CACtS,CAAA;AAEY,QAAA,uBAAuB,GAAG;IACrC,MAAM,EAAE,EAAE;IACV,KAAK,EAAE,8RAA8R;CACtS,CAAA;AAGY,QAAA,aAAa,GAAG;IAC3B;QACE,EAAE,EAAE,CAAC;QACL,MAAM,EAAE,6EAA6E;QACrF,KAAK,EAAE,8RAA8R;QACrS,UAAU,EAAE,0BAA0B;QACtC,UAAU,EAAE,0BAA0B;KACvC;IACD;QACE,EAAE,EAAE,CAAC;QACL,MAAM,EAAE,gFAAgF;QACxF,KAAK,EAAE,kRAAkR;QACzR,UAAU,EAAE,0BAA0B;QACtC,UAAU,EAAE,0BAA0B;KACvC;IACD;QACE,EAAE,EAAE,CAAC;QACL,MAAM,EAAE;;;kPAGsO;QAC9O,UAAU,EAAE,0BAA0B;QACtC,UAAU,EAAE,0BAA0B;KACvC;IACD;QACE,EAAE,EAAE,CAAC;QACL,MAAM,EAAE,qDAAqD;QAC7D,KAAK,EAAE;;8LAEmL;QAC1L,UAAU,EAAE,0BAA0B;QACtC,UAAU,EAAE,0BAA0B;KACvC;IACD;QACE,EAAE,EAAE,CAAC;QACL,MAAM,EAAE,sFAAsF;QAC9F,KAAK,EAAE,IAAI;QACX,UAAU,EAAE,0BAA0B;QACtC,UAAU,EAAE,0BAA0B;KACvC;IACD;QACE,EAAE,EAAE,CAAC;QACL,MAAM,EAAE,qFAAqF;QAC7F,KAAK,EAAE,IAAI;QACX,UAAU,EAAE,0BAA0B;QACtC,UAAU,EAAE,0BAA0B;KACvC;IACD;QACE,EAAE,EAAE,CAAC;QACL,MAAM,EAAE,wBAAwB;QAChC,KAAK,EAAE,IAAI;QACX,UAAU,EAAE,0BAA0B;QACtC,UAAU,EAAE,0BAA0B;KACvC;IACD;QACE,EAAE,EAAE,CAAC;QACL,MAAM,EAAE,0DAA0D;QAClE,KAAK,EAAE,IAAI;QACX,UAAU,EAAE,0BAA0B;QACtC,UAAU,EAAE,0BAA0B;KACvC;IACD;QACE,EAAE,EAAE,CAAC;QACL,MAAM,EAAE,uEAAuE;QAC/E,KAAK,EAAE,2MAA2M;QAClN,UAAU,EAAE,0BAA0B;QACtC,UAAU,EAAE,0BAA0B;KACvC;IACD;QACE,EAAE,EAAE,EAAE;QACN,MAAM,EAAE,oEAAoE;QAC5E,KAAK,EAAE,IAAI;QACX,UAAU,EAAE,0BAA0B;QACtC,UAAU,EAAE,0BAA0B;KACvC;CACF,CAAA;AAEY,QAAA,mBAAmB,GAAG;IACjC;QACE,EAAE,EAAE,CAAC;QACL,MAAM,EAAE,sFAAsF;QAC9F,KAAK,EAAE,IAAI;QACX,UAAU,EAAE,0BAA0B;QACtC,UAAU,EAAE,0BAA0B;KACvC;IACD;QACE,EAAE,EAAE,CAAC;QACL,MAAM,EAAE,wBAAwB;QAChC,KAAK,EAAE,IAAI;QACX,UAAU,EAAE,0BAA0B;QACtC,UAAU,EAAE,0BAA0B;KACvC;IACD;QACE,EAAE,EAAE,CAAC;QACL,MAAM,EAAE,0DAA0D;QAClE,KAAK,EAAE,IAAI;QACX,UAAU,EAAE,0BAA0B;QACtC,UAAU,EAAE,0BAA0B;KACvC;IACD;QACE,EAAE,EAAE,EAAE;QACN,MAAM,EAAE,oEAAoE;QAC5E,KAAK,EAAE,IAAI;QACX,UAAU,EAAE,0BAA0B;QACtC,UAAU,EAAE,0BAA0B;KACvC;CACF,CAAA;AAEY,QAAA,eAAe,GAAG;IAC7B,MAAM,EAAE,oEAAoE;IAC5E,KAAK,EAAE,iLAAiL;CACzL,CAAA;AAEY,QAAA,cAAc,GAAG,EAAE,OAAO,EAAE,kCAAkC,EAAE,CAAA;AAEhE,QAAA,cAAc,GAAG,EAAE,OAAO,EAAE,gCAAgC,EAAE,CAAA","sourcesContent":["export const singleContent = {\n  id: 4,\n  titulo: 'É nosso dever conscientizar alunos contra LGBTfobia',\n  corpo: `Desde 2013, está em andamento um projeto de conscientização contra a LGBTfobia na escola estadual Professor Joaquim Luiz de Brito, na zona oeste de São Paulo.\n  Idealizado pelo professor Fábio de Lima, a iniciativa tem a intenção de informar os alunos, e a comunidade como um todo, sobre a importância do debate sobre diversidade sexual e de gênero.\n  “É nosso dever como ser humano fazer algo em prol da sociedade, nós, como educadores, temos o campo fértil para conscientizar os alunos a importância dos valores humanos”, afirmou Fábio`,\n  created_at: '2022-10-26T08:30:57.000Z',\n  updated_at: '2022-10-26T08:30:57.000Z'\n}\n\nexport const newContentToPost = {\n  titulo: 'Jovens de Paraisópolis, em São Paulo, recebem bolsa de iniciação científica',\n  corpo: 'Medicina, biologia, engenharia, economia, política. Estas são apenas algumas das áreas que podem abrigar o trabalho de um cientista. Embora seja muito comum relacionar a profissão ao ambiente típico de laboratório, cientistas estão espalhados nos mais diversos campos do conhecimento.'\n}\n\nexport const invalidNewContentToPost = {\n  titulo: '',\n  corpo: 'Medicina, biologia, engenharia, economia, política. Estas são apenas algumas das áreas que podem abrigar o trabalho de um cientista. Embora seja muito comum relacionar a profissão ao ambiente típico de laboratório, cientistas estão espalhados nos mais diversos campos do conhecimento.'\n}\n\n\nexport const contentsArray = [\n  {\n    id: 1,\n    titulo: 'Jovens de Paraisópolis, em São Paulo, recebem bolsa de iniciação científica',\n    corpo: 'Medicina, biologia, engenharia, economia, política. Estas são apenas algumas das áreas que podem abrigar o trabalho de um cientista. Embora seja muito comum relacionar a profissão ao ambiente típico de laboratório, cientistas estão espalhados nos mais diversos campos do conhecimento.',\n    created_at: '2022-10-24T10:25:27.000Z',\n    updated_at: '2022-10-26T11:21:12.000Z'\n  },\n  {\n    id: 2,\n    titulo: 'OVNI: pilotos relatam presença de “luz estranha” durante voo em Santa Catarina',\n    corpo: 'Uma “luz estranha” no céu chamou a atenção de pilotos em um voo de São Paulo para Porto Alegre no último sábado (22). O incidente foi registrado em uma conversa entre a tripulação de um voo da Azul e profissionais do Aeroporto Internacional Salgado Filho, de Porto Alegre.',\n    created_at: '2022-10-25T12:07:27.000Z',\n    updated_at: '2022-10-25T12:07:27.000Z'\n  },\n  {\n    id: 3,\n    titulo: `USP aparece como melhor universidade da América Latina em ranking global',\n    corpo: 'A Universidade de São Paulo (USP) foi tida como a melhor universidade latino-americana no ranking World University Rankings, elaborado pela consultoria britânica Times Higher Education (THE).\n    A lista contempla com outras instituições brasileiras, como a Universidade Estadual de Campinas (Unicamp) que é a segunda da América Latina mais bem posicionada na lista.\n    Além destas, a Universidade Federal do Rio Grande do Sul (UFRS), Universidade Federal de São Paulo (Unifesp), Universidade Federal de Minas Gerais (UFMG), também estão no ranking. Ao todo, 62 instituições brasileiras foram classificadas.`,\n    created_at: '2022-10-26T08:07:27.000Z',\n    updated_at: '2022-10-26T08:07:27.000Z'\n  },\n  {\n    id: 4,\n    titulo: 'É nosso dever conscientizar alunos contra LGBTfobia',\n    corpo: `Desde 2013, está em andamento um projeto de conscientização contra a LGBTfobia na escola estadual Professor Joaquim Luiz de Brito, na zona oeste de São Paulo.\n    Idealizado pelo professor Fábio de Lima, a iniciativa tem a intenção de informar os alunos, e a comunidade como um todo, sobre a importância do debate sobre diversidade sexual e de gênero.\n    “É nosso dever como ser humano fazer algo em prol da sociedade, nós, como educadores, temos o campo fértil para conscientizar os alunos a importância dos valores humanos”, afirmou Fábio`,\n    created_at: '2022-10-26T08:30:57.000Z',\n    updated_at: '2022-10-26T08:30:57.000Z'\n  },\n  {\n    id: 5,\n    titulo: 'Se a educação sozinha não transforma a sociedade, sem ela tampouco a sociedade muda.',\n    corpo: null,\n    created_at: '2022-10-26T10:07:27.000Z',\n    updated_at: '2022-10-26T10:07:27.000Z'\n  },\n  {\n    id: 6,\n    titulo: 'Ninguém é tão grande que não possa aprender, nem tão pequeno que não possa ensinar.',\n    corpo: null,\n    created_at: '2022-10-26T10:17:37.000Z',\n    updated_at: '2022-10-26T10:17:37.000Z'\n  },\n  {\n    id: 7,\n    titulo: 'Só a educação liberta.',\n    corpo: null,\n    created_at: '2022-10-26T11:21:12.000Z',\n    updated_at: '2022-10-26T11:21:12.000Z'\n  },\n  {\n    id: 8,\n    titulo: 'O homem não é nada além daquilo que a educação faz dele.',\n    corpo: null,\n    created_at: '2022-10-26T11:45:12.000Z',\n    updated_at: '2022-10-26T11:45:12.000Z'\n  },\n  {\n    id: 9,\n    titulo: 'Maurício de Sousa recebe prêmio Cátedra Unesco por estímulo à leitura',\n    corpo: 'O quadrinhista Maurício de Sousa recebeu na última sexta feira (21 de outubro) uma homenagem da cátedra Unesco de Leitura da PUC Rio, em reconhecimento ao estímulo à leitura de várias gerações no país.',\n    created_at: '2022-10-26T12:15:32.000Z',\n    updated_at: '2022-10-26T12:15:32.000Z'\n  },\n  {\n    id: 10,\n    titulo: 'Educação é uma descoberta progressiva de nossa própria ignorância.',\n    corpo: null,\n    created_at: '2022-10-26T13:15:32.000Z',\n    updated_at: '2022-10-26T13:15:32.000Z'\n  }\n]\n\nexport const contentsByNameArray = [\n  {\n    id: 5,\n    titulo: 'Se a educação sozinha não transforma a sociedade, sem ela tampouco a sociedade muda.',\n    corpo: null,\n    created_at: '2022-10-26T10:07:27.000Z',\n    updated_at: '2022-10-26T10:07:27.000Z'\n  },\n  {\n    id: 7,\n    titulo: 'Só a educação liberta.',\n    corpo: null,\n    created_at: '2022-10-26T11:21:12.000Z',\n    updated_at: '2022-10-26T11:21:12.000Z'\n  },\n  {\n    id: 8,\n    titulo: 'O homem não é nada além daquilo que a educação faz dele.',\n    corpo: null,\n    created_at: '2022-10-26T11:45:12.000Z',\n    updated_at: '2022-10-26T11:45:12.000Z'\n  },\n  {\n    id: 10,\n    titulo: 'Educação é uma descoberta progressiva de nossa própria ignorância.',\n    corpo: null,\n    created_at: '2022-10-26T13:15:32.000Z',\n    updated_at: '2022-10-26T13:15:32.000Z'\n  }\n]\n\nexport const contentToUpdate = {\n  titulo: 'Educação é uma descoberta progressiva de nossa própria ignorância.',\n  corpo: 'Essa frase que, dependendo de como é observada, pode inclusive ser comparada ao famoso \"Só sei que nada sei\" atribuído a Sócrates, é por sua vez atribuída ao filósofo Voltaire',\n}\n\nexport const updatedMessage = { message: 'Conteúdo atualizado com sucesso!' }\n\nexport const deletedMessage = { message: 'Conteúdo excluído com sucesso!' }\n"]},"_coverageSchema":"1a1c01bbd47fc00a2c39e90264f33305004495a9","hash":"ba395ac9ff44160ec248e4509a8e5aba12a536dc","contentHash":"b2dc97b496baf6ae9f2cbae0230a66e4230284e05272a71a2dbc1892af2d1e76"},"/home/airelribeiro/Desktop/portifolio/aplicacoes/testes-tecnicos/motrix-desafio/backend/src/tests/mocks/History.mock.ts":{"path":"/home/airelribeiro/Desktop/portifolio/aplicacoes/testes-tecnicos/motrix-desafio/backend/src/tests/mocks/History.mock.ts","statementMap":{"0":{"start":{"line":2,"column":0},"end":{"line":2,"column":62}},"1":{"start":{"line":3,"column":0},"end":{"line":3,"column":55}},"2":{"start":{"line":4,"column":0},"end":{"line":13,"column":2}},"3":{"start":{"line":14,"column":0},"end":{"line":31,"column":2}}},"fnMap":{},"branchMap":{},"s":{"0":1,"1":1,"2":1,"3":1},"f":{},"b":{},"inputSourceMap":{"version":3,"file":"/home/airelribeiro/Desktop/portifolio/aplicacoes/testes-tecnicos/motrix-desafio/backend/src/tests/mocks/History.mock.ts","sources":["/home/airelribeiro/Desktop/portifolio/aplicacoes/testes-tecnicos/motrix-desafio/backend/src/tests/mocks/History.mock.ts"],"names":[],"mappings":";;;AAAa,QAAA,eAAe,GAAG;IAC7B,EAAE,EAAE,CAAC;IACL,UAAU,EAAE,CAAC;IACb,MAAM,EAAE,qDAAqD;IAC7D,KAAK,EAAE;;4LAEmL;IAC1L,UAAU,EAAE,0BAA0B;IACtC,UAAU,EAAE,0BAA0B;CACvC,CAAA;AAEY,QAAA,WAAW,GAAG;IACzB;QACE,EAAE,EAAE,CAAC;QACL,UAAU,EAAE,CAAC;QACb,MAAM,EAAE,6EAA6E;QACrF,KAAK,EAAE,8RAA8R;QACrS,UAAU,EAAE,0BAA0B;QACtC,UAAU,EAAE,0BAA0B;KACvC;IACD;QACE,EAAE,EAAE,CAAC;QACL,UAAU,EAAE,CAAC;QACb,MAAM,EAAE,8DAA8D;QACtE,KAAK,EAAE,kTAAkT;QACzT,UAAU,EAAE,0BAA0B;QACtC,UAAU,EAAE,0BAA0B;KACvC;CACF,CAAA","sourcesContent":["export const historyOfIntert = {\n  id: 4,\n  content_id: 4,\n  titulo: 'É nosso dever conscientizar alunos contra LGBTfobia',\n  corpo: `Desde 2013, está em andamento um projeto de conscientização contra a LGBTfobia na escola estadual Professor Joaquim Luiz de Brito, na zona oeste de São Paulo.\n  Idealizado pelo professor Fábio de Lima, a iniciativa tem a intenção de informar os alunos, e a comunidade como um todo, sobre a importância do debate sobre diversidade sexual e de gênero.\n  “É nosso dever como ser humano fazer algo em prol da sociedade, nós, como educadores, temos o campo fértil para conscientizar os alunos a importância dos valores humanos”, afirmou Fábio`,\n  created_at: '2022-10-26T08:30:57.000Z',\n  updated_at: '2022-10-26T08:30:57.000Z'\n}\n\nexport const historyById = [\n  {\n    id: 1,\n    content_id: 1,\n    titulo: 'Jovens de Paraisópolis, em São Paulo, recebem bolsa de iniciação científica',\n    corpo: 'Medicina, biologia, engenharia, economia, política. Estas são apenas algumas das áreas que podem abrigar o trabalho de um cientista. Embora seja muito comum relacionar a profissão ao ambiente típico de laboratório, cientistas estão espalhados nos mais diversos campos do conhecimento.',\n    created_at: '2022-10-24T10:25:27.000Z',\n    updated_at: '2022-10-24T10:25:27.000Z'\n  },\n  {\n    id: 8,\n    content_id: 1,\n    titulo: 'Jovens de Paraisópolis recebem bolsa de iniciação científica',\n    corpo: 'Com o objetivo de tornar o conhecimento científico acessível a estudantes da educação básica da rede pública e de sensibilizar novas gerações para a carreira acadêmico-científica, o Hospital Albert Einstein disponibiliza 15 bolsas de Iniciação Científica júnior para jovens de Paraisópolis, em São Paulo.',\n    created_at: '2022-10-26T11:21:12.000Z',\n    updated_at: '2022-10-26T11:21:12.000Z'\n  }\n]"]},"_coverageSchema":"1a1c01bbd47fc00a2c39e90264f33305004495a9","hash":"35070a68d514043b805423b25af829d633013cba","contentHash":"e262f5a91b1a250d4d4a0d07e38ae3df4734b9748adecfa244aee818a8bde209"}}